This is pdfTeX, Version 3.141592653-2.6-1.40.24 (MiKTeX 23.1) (preloaded format=pdflatex 2023.3.14)  21 JUN 2023 16:12
entering extended mode
 restricted \write18 enabled.
 %&-line parsing enabled.
**"./Mariana Cossetti Dalfior-Python.tex"
(Mariana Cossetti Dalfior-Python.tex
LaTeX2e <2022-11-01> patch level 1
L3 programming layer <2023-02-07>
(C:\Users\maria\AppData\Local\Programs\MiKTeX\tex/latex/base\book.cls
Document Class: book 2022/07/02 v1.4n Standard LaTeX document class
(C:\Users\maria\AppData\Local\Programs\MiKTeX\tex/latex/base\fleqn.clo
File: fleqn.clo 2016/12/29 v1.2b Standard LaTeX option (flush left equations)
\mathindent=\skip48
Applying: [2015/01/01] Make \[ robust on input line 50.
LaTeX Info: Redefining \[ on input line 51.
Already applied: [0000/00/00] Make \[ robust on input line 62.
Applying: [2015/01/01] Make \] robust on input line 74.
LaTeX Info: Redefining \] on input line 75.
Already applied: [0000/00/00] Make \] robust on input line 83.
)
(C:\Users\maria\AppData\Local\Programs\MiKTeX\tex/latex/base\bk11.clo
File: bk11.clo 2022/07/02 v1.4n Standard LaTeX file (size option)
)
\c@part=\count185
\c@chapter=\count186
\c@section=\count187
\c@subsection=\count188
\c@subsubsection=\count189
\c@paragraph=\count190
\c@subparagraph=\count191
\c@figure=\count192
\c@table=\count193
\abovecaptionskip=\skip49
\belowcaptionskip=\skip50
\bibindent=\dimen140
)
(structure.tex
(C:\Users\maria\AppData\Local\Programs\MiKTeX\tex/latex/geometry\geometry.sty
Package: geometry 2020/01/02 v5.9 Page Geometry

(C:\Users\maria\AppData\Local\Programs\MiKTeX\tex/latex/graphics\keyval.sty
Package: keyval 2022/05/29 v1.15 key=value parser (DPC)
\KV@toks@=\toks16
)
(C:\Users\maria\AppData\Local\Programs\MiKTeX\tex/generic/iftex\ifvtex.sty
Package: ifvtex 2019/10/25 v1.7 ifvtex legacy package. Use iftex instead.

(C:\Users\maria\AppData\Local\Programs\MiKTeX\tex/generic/iftex\iftex.sty
Package: iftex 2022/02/03 v1.0f TeX engine tests
))
\Gm@cnth=\count194
\Gm@cntv=\count195
\c@Gm@tempcnt=\count196
\Gm@bindingoffset=\dimen141
\Gm@wd@mp=\dimen142
\Gm@odd@mp=\dimen143
\Gm@even@mp=\dimen144
\Gm@layoutwidth=\dimen145
\Gm@layoutheight=\dimen146
\Gm@layouthoffset=\dimen147
\Gm@layoutvoffset=\dimen148
\Gm@dimlist=\toks17

(C:\Users\maria\AppData\Local\Programs\MiKTeX\tex/latex/geometry\geometry.cfg))
(C:\Users\maria\AppData\Local\Programs\MiKTeX\tex/latex/graphics\graphicx.sty
Package: graphicx 2021/09/16 v1.2d Enhanced LaTeX Graphics (DPC,SPQR)

(C:\Users\maria\AppData\Local\Programs\MiKTeX\tex/latex/graphics\graphics.sty
Package: graphics 2022/03/10 v1.4e Standard LaTeX Graphics (DPC,SPQR)

(C:\Users\maria\AppData\Local\Programs\MiKTeX\tex/latex/graphics\trig.sty
Package: trig 2021/08/11 v1.11 sin cos tan (DPC)
)
(C:\Users\maria\AppData\Local\Programs\MiKTeX\tex/latex/graphics-cfg\graphics.c
fg
File: graphics.cfg 2016/06/04 v1.11 sample graphics configuration
)
Package graphics Info: Driver file: pdftex.def on input line 107.

(C:\Users\maria\AppData\Local\Programs\MiKTeX\tex/latex/graphics-def\pdftex.def
File: pdftex.def 2022/09/22 v1.2b Graphics/color driver for pdftex
))
\Gin@req@height=\dimen149
\Gin@req@width=\dimen150
) (C:\Users\maria\AppData\Local\Programs\MiKTeX\tex/latex/lipsum\lipsum.sty
(C:\Users\maria\AppData\Local\Programs\MiKTeX\tex/latex/l3packages/l3keys2e\l3k
eys2e.sty
(C:\Users\maria\AppData\Local\Programs\MiKTeX\tex/latex/l3kernel\expl3.sty
Package: expl3 2023-02-07 L3 programming layer (loader) 

(C:\Users\maria\AppData\Local\Programs\MiKTeX\tex/latex/l3backend\l3backend-pdf
tex.def
File: l3backend-pdftex.def 2023-01-16 L3 backend support: PDF output (pdfTeX)
\l__color_backend_stack_int=\count197
\l__pdf_internal_box=\box51
))
Package: l3keys2e 2023-01-16 LaTeX2e option processing using LaTeX3 keys
)
Package: lipsum 2021-09-20 v2.7 150 paragraphs of Lorem Ipsum dummy text
\g__lipsum_par_int=\count198
\l__lipsum_a_int=\count199
\l__lipsum_b_int=\count266

(C:\Users\maria\AppData\Local\Programs\MiKTeX\tex/latex/lipsum\lipsum.ltd.tex))
(C:\Users\maria\AppData\Local\Programs\MiKTeX\tex/latex/here\here.sty)
(C:\Users\maria\AppData\Local\Programs\MiKTeX\tex/latex/float\float.sty
Package: float 2001/11/08 v1.3d Float enhancements (AL)
\c@float@type=\count267
\float@exts=\toks18
\float@box=\box52
\@float@everytoks=\toks19
\@floatcapt=\box53
)
(C:\Users\maria\AppData\Local\Programs\MiKTeX\tex/latex/pgf/frontendlayer\tikz.
sty
(C:\Users\maria\AppData\Local\Programs\MiKTeX\tex/latex/pgf/basiclayer\pgf.sty
(C:\Users\maria\AppData\Local\Programs\MiKTeX\tex/latex/pgf/utilities\pgfrcs.st
y
(C:\Users\maria\AppData\Local\Programs\MiKTeX\tex/generic/pgf/utilities\pgfutil
-common.tex
\pgfutil@everybye=\toks20
\pgfutil@tempdima=\dimen151
\pgfutil@tempdimb=\dimen152
)
(C:\Users\maria\AppData\Local\Programs\MiKTeX\tex/generic/pgf/utilities\pgfutil
-latex.def
\pgfutil@abb=\box54
)
(C:\Users\maria\AppData\Local\Programs\MiKTeX\tex/generic/pgf/utilities\pgfrcs.
code.tex
(C:\Users\maria\AppData\Local\Programs\MiKTeX\tex/generic/pgf\pgf.revision.tex)
Package: pgfrcs 2023-01-15 v3.1.10 (3.1.10)
))
Package: pgf 2023-01-15 v3.1.10 (3.1.10)

(C:\Users\maria\AppData\Local\Programs\MiKTeX\tex/latex/pgf/basiclayer\pgfcore.
sty
(C:\Users\maria\AppData\Local\Programs\MiKTeX\tex/latex/pgf/systemlayer\pgfsys.
sty
(C:\Users\maria\AppData\Local\Programs\MiKTeX\tex/generic/pgf/systemlayer\pgfsy
s.code.tex
Package: pgfsys 2023-01-15 v3.1.10 (3.1.10)

(C:\Users\maria\AppData\Local\Programs\MiKTeX\tex/generic/pgf/utilities\pgfkeys
.code.tex
\pgfkeys@pathtoks=\toks21
\pgfkeys@temptoks=\toks22

(C:\Users\maria\AppData\Local\Programs\MiKTeX\tex/generic/pgf/utilities\pgfkeys
libraryfiltered.code.tex
\pgfkeys@tmptoks=\toks23
))
\pgf@x=\dimen153
\pgf@y=\dimen154
\pgf@xa=\dimen155
\pgf@ya=\dimen156
\pgf@xb=\dimen157
\pgf@yb=\dimen158
\pgf@xc=\dimen159
\pgf@yc=\dimen160
\pgf@xd=\dimen161
\pgf@yd=\dimen162
\w@pgf@writea=\write3
\r@pgf@reada=\read2
\c@pgf@counta=\count268
\c@pgf@countb=\count269
\c@pgf@countc=\count270
\c@pgf@countd=\count271
\t@pgf@toka=\toks24
\t@pgf@tokb=\toks25
\t@pgf@tokc=\toks26
\pgf@sys@id@count=\count272

(C:\Users\maria\AppData\Local\Programs\MiKTeX\tex/generic/pgf/systemlayer\pgf.c
fg
File: pgf.cfg 2023-01-15 v3.1.10 (3.1.10)
)
Driver file for pgf: pgfsys-pdftex.def

(C:\Users\maria\AppData\Local\Programs\MiKTeX\tex/generic/pgf/systemlayer\pgfsy
s-pdftex.def
File: pgfsys-pdftex.def 2023-01-15 v3.1.10 (3.1.10)

(C:\Users\maria\AppData\Local\Programs\MiKTeX\tex/generic/pgf/systemlayer\pgfsy
s-common-pdf.def
File: pgfsys-common-pdf.def 2023-01-15 v3.1.10 (3.1.10)
)))
(C:\Users\maria\AppData\Local\Programs\MiKTeX\tex/generic/pgf/systemlayer\pgfsy
ssoftpath.code.tex
File: pgfsyssoftpath.code.tex 2023-01-15 v3.1.10 (3.1.10)
\pgfsyssoftpath@smallbuffer@items=\count273
\pgfsyssoftpath@bigbuffer@items=\count274
)
(C:\Users\maria\AppData\Local\Programs\MiKTeX\tex/generic/pgf/systemlayer\pgfsy
sprotocol.code.tex
File: pgfsysprotocol.code.tex 2023-01-15 v3.1.10 (3.1.10)
))
(C:\Users\maria\AppData\Local\Programs\MiKTeX\tex/latex/xcolor\xcolor.sty
Package: xcolor 2022/06/12 v2.14 LaTeX color extensions (UK)

(C:\Users\maria\AppData\Local\Programs\MiKTeX\tex/latex/graphics-cfg\color.cfg
File: color.cfg 2016/01/02 v1.6 sample color configuration
)
Package xcolor Info: Driver file: pdftex.def on input line 227.
(C:\Users\maria\AppData\Local\Programs\MiKTeX\tex/latex/graphics\mathcolor.ltx)
Package xcolor Info: Model `cmy' substituted by `cmy0' on input line 1353.
Package xcolor Info: Model `hsb' substituted by `rgb' on input line 1357.
Package xcolor Info: Model `RGB' extended on input line 1369.
Package xcolor Info: Model `HTML' substituted by `rgb' on input line 1371.
Package xcolor Info: Model `Hsb' substituted by `hsb' on input line 1372.
Package xcolor Info: Model `tHsb' substituted by `hsb' on input line 1373.
Package xcolor Info: Model `HSB' substituted by `hsb' on input line 1374.
Package xcolor Info: Model `Gray' substituted by `gray' on input line 1375.
Package xcolor Info: Model `wave' substituted by `hsb' on input line 1376.
)
(C:\Users\maria\AppData\Local\Programs\MiKTeX\tex/generic/pgf/basiclayer\pgfcor
e.code.tex
Package: pgfcore 2023-01-15 v3.1.10 (3.1.10)

(C:\Users\maria\AppData\Local\Programs\MiKTeX\tex/generic/pgf/math\pgfmath.code
.tex
(C:\Users\maria\AppData\Local\Programs\MiKTeX\tex/generic/pgf/math\pgfmathutil.
code.tex)
(C:\Users\maria\AppData\Local\Programs\MiKTeX\tex/generic/pgf/math\pgfmathparse
r.code.tex
\pgfmath@dimen=\dimen163
\pgfmath@count=\count275
\pgfmath@box=\box55
\pgfmath@toks=\toks27
\pgfmath@stack@operand=\toks28
\pgfmath@stack@operation=\toks29
)
(C:\Users\maria\AppData\Local\Programs\MiKTeX\tex/generic/pgf/math\pgfmathfunct
ions.code.tex)
(C:\Users\maria\AppData\Local\Programs\MiKTeX\tex/generic/pgf/math\pgfmathfunct
ions.basic.code.tex)
(C:\Users\maria\AppData\Local\Programs\MiKTeX\tex/generic/pgf/math\pgfmathfunct
ions.trigonometric.code.tex)
(C:\Users\maria\AppData\Local\Programs\MiKTeX\tex/generic/pgf/math\pgfmathfunct
ions.random.code.tex)
(C:\Users\maria\AppData\Local\Programs\MiKTeX\tex/generic/pgf/math\pgfmathfunct
ions.comparison.code.tex)
(C:\Users\maria\AppData\Local\Programs\MiKTeX\tex/generic/pgf/math\pgfmathfunct
ions.base.code.tex)
(C:\Users\maria\AppData\Local\Programs\MiKTeX\tex/generic/pgf/math\pgfmathfunct
ions.round.code.tex)
(C:\Users\maria\AppData\Local\Programs\MiKTeX\tex/generic/pgf/math\pgfmathfunct
ions.misc.code.tex)
(C:\Users\maria\AppData\Local\Programs\MiKTeX\tex/generic/pgf/math\pgfmathfunct
ions.integerarithmetics.code.tex)
(C:\Users\maria\AppData\Local\Programs\MiKTeX\tex/generic/pgf/math\pgfmathcalc.
code.tex)
(C:\Users\maria\AppData\Local\Programs\MiKTeX\tex/generic/pgf/math\pgfmathfloat
.code.tex
\c@pgfmathroundto@lastzeros=\count276
))
(C:\Users\maria\AppData\Local\Programs\MiKTeX\tex/generic/pgf/math\pgfint.code.
tex)
(C:\Users\maria\AppData\Local\Programs\MiKTeX\tex/generic/pgf/basiclayer\pgfcor
epoints.code.tex
File: pgfcorepoints.code.tex 2023-01-15 v3.1.10 (3.1.10)
\pgf@picminx=\dimen164
\pgf@picmaxx=\dimen165
\pgf@picminy=\dimen166
\pgf@picmaxy=\dimen167
\pgf@pathminx=\dimen168
\pgf@pathmaxx=\dimen169
\pgf@pathminy=\dimen170
\pgf@pathmaxy=\dimen171
\pgf@xx=\dimen172
\pgf@xy=\dimen173
\pgf@yx=\dimen174
\pgf@yy=\dimen175
\pgf@zx=\dimen176
\pgf@zy=\dimen177
)
(C:\Users\maria\AppData\Local\Programs\MiKTeX\tex/generic/pgf/basiclayer\pgfcor
epathconstruct.code.tex
File: pgfcorepathconstruct.code.tex 2023-01-15 v3.1.10 (3.1.10)
\pgf@path@lastx=\dimen178
\pgf@path@lasty=\dimen179
)
(C:\Users\maria\AppData\Local\Programs\MiKTeX\tex/generic/pgf/basiclayer\pgfcor
epathusage.code.tex
File: pgfcorepathusage.code.tex 2023-01-15 v3.1.10 (3.1.10)
\pgf@shorten@end@additional=\dimen180
\pgf@shorten@start@additional=\dimen181
)
(C:\Users\maria\AppData\Local\Programs\MiKTeX\tex/generic/pgf/basiclayer\pgfcor
escopes.code.tex
File: pgfcorescopes.code.tex 2023-01-15 v3.1.10 (3.1.10)
\pgfpic=\box56
\pgf@hbox=\box57
\pgf@layerbox@main=\box58
\pgf@picture@serial@count=\count277
)
(C:\Users\maria\AppData\Local\Programs\MiKTeX\tex/generic/pgf/basiclayer\pgfcor
egraphicstate.code.tex
File: pgfcoregraphicstate.code.tex 2023-01-15 v3.1.10 (3.1.10)
\pgflinewidth=\dimen182
)
(C:\Users\maria\AppData\Local\Programs\MiKTeX\tex/generic/pgf/basiclayer\pgfcor
etransformations.code.tex
File: pgfcoretransformations.code.tex 2023-01-15 v3.1.10 (3.1.10)
\pgf@pt@x=\dimen183
\pgf@pt@y=\dimen184
\pgf@pt@temp=\dimen185
)
(C:\Users\maria\AppData\Local\Programs\MiKTeX\tex/generic/pgf/basiclayer\pgfcor
equick.code.tex
File: pgfcorequick.code.tex 2023-01-15 v3.1.10 (3.1.10)
)
(C:\Users\maria\AppData\Local\Programs\MiKTeX\tex/generic/pgf/basiclayer\pgfcor
eobjects.code.tex
File: pgfcoreobjects.code.tex 2023-01-15 v3.1.10 (3.1.10)
)
(C:\Users\maria\AppData\Local\Programs\MiKTeX\tex/generic/pgf/basiclayer\pgfcor
epathprocessing.code.tex
File: pgfcorepathprocessing.code.tex 2023-01-15 v3.1.10 (3.1.10)
)
(C:\Users\maria\AppData\Local\Programs\MiKTeX\tex/generic/pgf/basiclayer\pgfcor
earrows.code.tex
File: pgfcorearrows.code.tex 2023-01-15 v3.1.10 (3.1.10)
\pgfarrowsep=\dimen186
)
(C:\Users\maria\AppData\Local\Programs\MiKTeX\tex/generic/pgf/basiclayer\pgfcor
eshade.code.tex
File: pgfcoreshade.code.tex 2023-01-15 v3.1.10 (3.1.10)
\pgf@max=\dimen187
\pgf@sys@shading@range@num=\count278
\pgf@shadingcount=\count279
)
(C:\Users\maria\AppData\Local\Programs\MiKTeX\tex/generic/pgf/basiclayer\pgfcor
eimage.code.tex
File: pgfcoreimage.code.tex 2023-01-15 v3.1.10 (3.1.10)
)
(C:\Users\maria\AppData\Local\Programs\MiKTeX\tex/generic/pgf/basiclayer\pgfcor
eexternal.code.tex
File: pgfcoreexternal.code.tex 2023-01-15 v3.1.10 (3.1.10)
\pgfexternal@startupbox=\box59
)
(C:\Users\maria\AppData\Local\Programs\MiKTeX\tex/generic/pgf/basiclayer\pgfcor
elayers.code.tex
File: pgfcorelayers.code.tex 2023-01-15 v3.1.10 (3.1.10)
)
(C:\Users\maria\AppData\Local\Programs\MiKTeX\tex/generic/pgf/basiclayer\pgfcor
etransparency.code.tex
File: pgfcoretransparency.code.tex 2023-01-15 v3.1.10 (3.1.10)
)
(C:\Users\maria\AppData\Local\Programs\MiKTeX\tex/generic/pgf/basiclayer\pgfcor
epatterns.code.tex
File: pgfcorepatterns.code.tex 2023-01-15 v3.1.10 (3.1.10)
)
(C:\Users\maria\AppData\Local\Programs\MiKTeX\tex/generic/pgf/basiclayer\pgfcor
erdf.code.tex
File: pgfcorerdf.code.tex 2023-01-15 v3.1.10 (3.1.10)
)))
(C:\Users\maria\AppData\Local\Programs\MiKTeX\tex/generic/pgf/modules\pgfmodule
shapes.code.tex
File: pgfmoduleshapes.code.tex 2023-01-15 v3.1.10 (3.1.10)
\pgfnodeparttextbox=\box60
)
(C:\Users\maria\AppData\Local\Programs\MiKTeX\tex/generic/pgf/modules\pgfmodule
plot.code.tex
File: pgfmoduleplot.code.tex 2023-01-15 v3.1.10 (3.1.10)
)
(C:\Users\maria\AppData\Local\Programs\MiKTeX\tex/latex/pgf/compatibility\pgfco
mp-version-0-65.sty
Package: pgfcomp-version-0-65 2023-01-15 v3.1.10 (3.1.10)
\pgf@nodesepstart=\dimen188
\pgf@nodesepend=\dimen189
)
(C:\Users\maria\AppData\Local\Programs\MiKTeX\tex/latex/pgf/compatibility\pgfco
mp-version-1-18.sty
Package: pgfcomp-version-1-18 2023-01-15 v3.1.10 (3.1.10)
))
(C:\Users\maria\AppData\Local\Programs\MiKTeX\tex/latex/pgf/utilities\pgffor.st
y
(C:\Users\maria\AppData\Local\Programs\MiKTeX\tex/latex/pgf/utilities\pgfkeys.s
ty
(C:\Users\maria\AppData\Local\Programs\MiKTeX\tex/generic/pgf/utilities\pgfkeys
.code.tex))
(C:\Users\maria\AppData\Local\Programs\MiKTeX\tex/latex/pgf/math\pgfmath.sty
(C:\Users\maria\AppData\Local\Programs\MiKTeX\tex/generic/pgf/math\pgfmath.code
.tex))
(C:\Users\maria\AppData\Local\Programs\MiKTeX\tex/generic/pgf/utilities\pgffor.
code.tex
Package: pgffor 2023-01-15 v3.1.10 (3.1.10)
\pgffor@iter=\dimen190
\pgffor@skip=\dimen191
\pgffor@stack=\toks30
\pgffor@toks=\toks31
))
(C:\Users\maria\AppData\Local\Programs\MiKTeX\tex/generic/pgf/frontendlayer/tik
z\tikz.code.tex
Package: tikz 2023-01-15 v3.1.10 (3.1.10)

(C:\Users\maria\AppData\Local\Programs\MiKTeX\tex/generic/pgf/libraries\pgflibr
aryplothandlers.code.tex
File: pgflibraryplothandlers.code.tex 2023-01-15 v3.1.10 (3.1.10)
\pgf@plot@mark@count=\count280
\pgfplotmarksize=\dimen192
)
\tikz@lastx=\dimen193
\tikz@lasty=\dimen194
\tikz@lastxsaved=\dimen195
\tikz@lastysaved=\dimen196
\tikz@lastmovetox=\dimen197
\tikz@lastmovetoy=\dimen198
\tikzleveldistance=\dimen199
\tikzsiblingdistance=\dimen256
\tikz@figbox=\box61
\tikz@figbox@bg=\box62
\tikz@tempbox=\box63
\tikz@tempbox@bg=\box64
\tikztreelevel=\count281
\tikznumberofchildren=\count282
\tikznumberofcurrentchild=\count283
\tikz@fig@count=\count284

(C:\Users\maria\AppData\Local\Programs\MiKTeX\tex/generic/pgf/modules\pgfmodule
matrix.code.tex
File: pgfmodulematrix.code.tex 2023-01-15 v3.1.10 (3.1.10)
\pgfmatrixcurrentrow=\count285
\pgfmatrixcurrentcolumn=\count286
\pgf@matrix@numberofcolumns=\count287
)
\tikz@expandcount=\count288

(C:\Users\maria\AppData\Local\Programs\MiKTeX\tex/generic/pgf/frontendlayer/tik
z/libraries\tikzlibrarytopaths.code.tex
File: tikzlibrarytopaths.code.tex 2023-01-15 v3.1.10 (3.1.10)
)))
(C:\Users\maria\AppData\Local\Programs\MiKTeX\tex/generic/babel\babel.sty
Package: babel 2023/02/13 3.86 The Babel package
\babel@savecnt=\count289
\U@D=\dimen257
\l@unhyphenated=\language84

(C:\Users\maria\AppData\Local\Programs\MiKTeX\tex/generic/babel\txtbabel.def)
\bbl@readstream=\read3
\bbl@dirlevel=\count290

*************************************
* Local config file bblopts.cfg used
*
(C:\Users\maria\AppData\Local\Programs\MiKTeX\tex/latex/arabi\bblopts.cfg
File: bblopts.cfg 2005/09/08 v0.1 add Arabic and Farsi to "declared" options of
 babel
)
(C:\Users\maria\AppData\Local\Programs\MiKTeX\tex/latex/babel-portuges\brazil.l
df
Language: portuges 2021/07/09 v1.2t Portuguese support from the babel system
Package babel Info: Hyphen rules for 'brazil' set to \l@portuguese
(babel)             (\language61). Reported on input line 111.
Package babel Info: Making " an active character on input line 143.
))
(C:\Users\maria\AppData\Local\Programs\MiKTeX\tex/latex/enumitem\enumitem.sty
Package: enumitem 2019/06/20 v3.9 Customized lists
\labelindent=\skip51
\enit@outerparindent=\dimen258
\enit@toks=\toks32
\enit@inbox=\box65
\enit@count@id=\count291
\enitdp@description=\count292
)
(C:\Users\maria\AppData\Local\Programs\MiKTeX\tex/latex/booktabs\booktabs.sty
Package: booktabs 2020/01/12 v1.61803398 Publication quality tables
\heavyrulewidth=\dimen259
\lightrulewidth=\dimen260
\cmidrulewidth=\dimen261
\belowrulesep=\dimen262
\belowbottomsep=\dimen263
\aboverulesep=\dimen264
\abovetopsep=\dimen265
\cmidrulesep=\dimen266
\cmidrulekern=\dimen267
\defaultaddspace=\dimen268
\@cmidla=\count293
\@cmidlb=\count294
\@aboverulesep=\dimen269
\@belowrulesep=\dimen270
\@thisruleclass=\count295
\@lastruleclass=\count296
\@thisrulewidth=\dimen271
)
(C:\Users\maria\AppData\Local\Programs\MiKTeX\tex/latex/psnfss\avant.sty
Package: avant 2020/03/25 PSNFSS-v9.3 (SPQR) 
)
(C:\Users\maria\AppData\Local\Programs\MiKTeX\tex/latex/psnfss\mathptmx.sty
Package: mathptmx 2020/03/25 PSNFSS-v9.3 Times w/ Math, improved (SPQR, WaS) 
LaTeX Font Info:    Redeclaring symbol font `operators' on input line 28.
LaTeX Font Info:    Overwriting symbol font `operators' in version `normal'
(Font)                  OT1/cmr/m/n --> OT1/ztmcm/m/n on input line 28.
LaTeX Font Info:    Overwriting symbol font `operators' in version `bold'
(Font)                  OT1/cmr/bx/n --> OT1/ztmcm/m/n on input line 28.
LaTeX Font Info:    Redeclaring symbol font `letters' on input line 29.
LaTeX Font Info:    Overwriting symbol font `letters' in version `normal'
(Font)                  OML/cmm/m/it --> OML/ztmcm/m/it on input line 29.
LaTeX Font Info:    Overwriting symbol font `letters' in version `bold'
(Font)                  OML/cmm/b/it --> OML/ztmcm/m/it on input line 29.
LaTeX Font Info:    Redeclaring symbol font `symbols' on input line 30.
LaTeX Font Info:    Overwriting symbol font `symbols' in version `normal'
(Font)                  OMS/cmsy/m/n --> OMS/ztmcm/m/n on input line 30.
LaTeX Font Info:    Overwriting symbol font `symbols' in version `bold'
(Font)                  OMS/cmsy/b/n --> OMS/ztmcm/m/n on input line 30.
LaTeX Font Info:    Redeclaring symbol font `largesymbols' on input line 31.
LaTeX Font Info:    Overwriting symbol font `largesymbols' in version `normal'
(Font)                  OMX/cmex/m/n --> OMX/ztmcm/m/n on input line 31.
LaTeX Font Info:    Overwriting symbol font `largesymbols' in version `bold'
(Font)                  OMX/cmex/m/n --> OMX/ztmcm/m/n on input line 31.
\symbold=\mathgroup4
\symitalic=\mathgroup5
LaTeX Font Info:    Redeclaring math alphabet \mathbf on input line 34.
LaTeX Font Info:    Overwriting math alphabet `\mathbf' in version `normal'
(Font)                  OT1/cmr/bx/n --> OT1/ptm/bx/n on input line 34.
LaTeX Font Info:    Overwriting math alphabet `\mathbf' in version `bold'
(Font)                  OT1/cmr/bx/n --> OT1/ptm/bx/n on input line 34.
LaTeX Font Info:    Redeclaring math alphabet \mathit on input line 35.
LaTeX Font Info:    Overwriting math alphabet `\mathit' in version `normal'
(Font)                  OT1/cmr/m/it --> OT1/ptm/m/it on input line 35.
LaTeX Font Info:    Overwriting math alphabet `\mathit' in version `bold'
(Font)                  OT1/cmr/bx/it --> OT1/ptm/m/it on input line 35.
LaTeX Info: Redefining \hbar on input line 50.
)
(C:\Users\maria\AppData\Local\Programs\MiKTeX\tex/latex/microtype\microtype.sty
Package: microtype 2022/06/23 v3.0f Micro-typographical refinements (RS)
(C:\Users\maria\AppData\Local\Programs\MiKTeX\tex/latex/etoolbox\etoolbox.sty
Package: etoolbox 2020/10/05 v2.5k e-TeX tools for LaTeX (JAW)
\etb@tempcnta=\count297
)
\MT@toks=\toks33
\MT@tempbox=\box66
\MT@count=\count298
LaTeX Info: Redefining \noprotrusionifhmode on input line 1045.
LaTeX Info: Redefining \leftprotrusion on input line 1046.
LaTeX Info: Redefining \rightprotrusion on input line 1056.
LaTeX Info: Redefining \textls on input line 1234.
\MT@outer@kern=\dimen272
LaTeX Info: Redefining \textmicrotypecontext on input line 1858.
\MT@listname@count=\count299

(C:\Users\maria\AppData\Local\Programs\MiKTeX\tex/latex/microtype\microtype-pdf
tex.def
File: microtype-pdftex.def 2022/06/23 v3.0f Definitions specific to pdftex (RS)

LaTeX Info: Redefining \lsstyle on input line 900.
LaTeX Info: Redefining \lslig on input line 900.
\MT@outer@space=\skip52
)
Package microtype Info: Loading configuration file microtype.cfg.

(C:\Users\maria\AppData\Local\Programs\MiKTeX\tex/latex/microtype\microtype.cfg
File: microtype.cfg 2022/06/23 v3.0f microtype main configuration file (RS)
)) (C:\Users\maria\AppData\Local\Programs\MiKTeX\tex/latex/base\inputenc.sty
Package: inputenc 2021/02/14 v1.3d Input encoding file
\inpenc@prehook=\toks34
\inpenc@posthook=\toks35
)
(C:\Users\maria\AppData\Local\Programs\MiKTeX\tex/latex/base\fontenc.sty
Package: fontenc 2021/04/29 v2.0v Standard LaTeX package
LaTeX Font Info:    Trying to load font information for T1+ptm on input line 11
2.

(C:\Users\maria\AppData\Local\Programs\MiKTeX\tex/latex/psnfss\t1ptm.fd
File: t1ptm.fd 2001/06/04 font definitions for T1/ptm.
))
(C:\Users\maria\AppData\Local\Programs\MiKTeX\tex/latex/hyperref\hyperref.sty
Package: hyperref 2023-02-07 v7.00v Hypertext links for LaTeX

(C:\Users\maria\AppData\Local\Programs\MiKTeX\tex/generic/ltxcmds\ltxcmds.sty
Package: ltxcmds 2020-05-10 v1.25 LaTeX kernel commands for general use (HO)
)
(C:\Users\maria\AppData\Local\Programs\MiKTeX\tex/generic/pdftexcmds\pdftexcmds
.sty
Package: pdftexcmds 2020-06-27 v0.33 Utility functions of pdfTeX for LuaTeX (HO
)

(C:\Users\maria\AppData\Local\Programs\MiKTeX\tex/generic/infwarerr\infwarerr.s
ty
Package: infwarerr 2019/12/03 v1.5 Providing info/warning/error messages (HO)
)
Package pdftexcmds Info: \pdf@primitive is available.
Package pdftexcmds Info: \pdf@ifprimitive is available.
Package pdftexcmds Info: \pdfdraftmode found.
)
(C:\Users\maria\AppData\Local\Programs\MiKTeX\tex/latex/kvsetkeys\kvsetkeys.sty
Package: kvsetkeys 2022-10-05 v1.19 Key value parser (HO)
)
(C:\Users\maria\AppData\Local\Programs\MiKTeX\tex/generic/kvdefinekeys\kvdefine
keys.sty
Package: kvdefinekeys 2019-12-19 v1.6 Define keys (HO)
)
(C:\Users\maria\AppData\Local\Programs\MiKTeX\tex/generic/pdfescape\pdfescape.s
ty
Package: pdfescape 2019/12/09 v1.15 Implements pdfTeX's escape features (HO)
) (C:\Users\maria\AppData\Local\Programs\MiKTeX\tex/latex/hycolor\hycolor.sty
Package: hycolor 2020-01-27 v1.10 Color options for hyperref/bookmark (HO)
)
(C:\Users\maria\AppData\Local\Programs\MiKTeX\tex/latex/letltxmacro\letltxmacro
.sty
Package: letltxmacro 2019/12/03 v1.6 Let assignment for LaTeX macros (HO)
)
(C:\Users\maria\AppData\Local\Programs\MiKTeX\tex/latex/auxhook\auxhook.sty
Package: auxhook 2019-12-17 v1.6 Hooks for auxiliary files (HO)
)
(C:\Users\maria\AppData\Local\Programs\MiKTeX\tex/latex/hyperref\nameref.sty
Package: nameref 2022-05-17 v2.50 Cross-referencing by name of section

(C:\Users\maria\AppData\Local\Programs\MiKTeX\tex/latex/refcount\refcount.sty
Package: refcount 2019/12/15 v3.6 Data extraction from label references (HO)
)
(C:\Users\maria\AppData\Local\Programs\MiKTeX\tex/generic/gettitlestring\gettit
lestring.sty
Package: gettitlestring 2019/12/15 v1.6 Cleanup title references (HO)

(C:\Users\maria\AppData\Local\Programs\MiKTeX\tex/latex/kvoptions\kvoptions.sty
Package: kvoptions 2022-06-15 v3.15 Key value format for package options (HO)
))
\c@section@level=\count300
)
\@linkdim=\dimen273
\Hy@linkcounter=\count301
\Hy@pagecounter=\count302
 (C:\Users\maria\AppData\Local\Programs\MiKTeX\tex/latex/hyperref\pd1enc.def
File: pd1enc.def 2023-02-07 v7.00v Hyperref: PDFDocEncoding definition (HO)
Now handling font encoding PD1 ...
... no UTF-8 mapping file for font encoding PD1
) (C:\Users\maria\AppData\Local\Programs\MiKTeX\tex/generic/intcalc\intcalc.sty
Package: intcalc 2019/12/15 v1.3 Expandable calculations with integers (HO)
)
(C:\Users\maria\AppData\Local\Programs\MiKTeX\tex/generic/etexcmds\etexcmds.sty
Package: etexcmds 2019/12/15 v1.7 Avoid name clashes with e-TeX commands (HO)
)
\Hy@SavedSpaceFactor=\count303
 (C:\Users\maria\AppData\Local\Programs\MiKTeX\tex/latex/hyperref\puenc.def
File: puenc.def 2023-02-07 v7.00v Hyperref: PDF Unicode definition (HO)
Now handling font encoding PU ...
... no UTF-8 mapping file for font encoding PU
)
Package hyperref Info: Hyper figures OFF on input line 4177.
Package hyperref Info: Link nesting OFF on input line 4182.
Package hyperref Info: Hyper index ON on input line 4185.
Package hyperref Info: Plain pages OFF on input line 4192.
Package hyperref Info: Backreferencing OFF on input line 4197.
Package hyperref Info: Implicit mode ON; LaTeX internals redefined.
Package hyperref Info: Bookmarks ON on input line 4425.
\c@Hy@tempcnt=\count304

(C:\Users\maria\AppData\Local\Programs\MiKTeX\tex/latex/url\url.sty
\Urlmuskip=\muskip16
Package: url 2013/09/16  ver 3.4  Verb mode for urls, etc.
)
LaTeX Info: Redefining \url on input line 4763.
\XeTeXLinkMargin=\dimen274

(C:\Users\maria\AppData\Local\Programs\MiKTeX\tex/generic/bitset\bitset.sty
Package: bitset 2019/12/09 v1.3 Handle bit-vector datatype (HO)

(C:\Users\maria\AppData\Local\Programs\MiKTeX\tex/generic/bigintcalc\bigintcalc
.sty
Package: bigintcalc 2019/12/15 v1.5 Expandable calculations on big integers (HO
)
))
\Fld@menulength=\count305
\Field@Width=\dimen275
\Fld@charsize=\dimen276
Package hyperref Info: Hyper figures OFF on input line 6042.
Package hyperref Info: Link nesting OFF on input line 6047.
Package hyperref Info: Hyper index ON on input line 6050.
Package hyperref Info: backreferencing OFF on input line 6057.
Package hyperref Info: Link coloring OFF on input line 6062.
Package hyperref Info: Link coloring with OCG OFF on input line 6067.
Package hyperref Info: PDF/A mode OFF on input line 6072.

(C:\Users\maria\AppData\Local\Programs\MiKTeX\tex/latex/base\atbegshi-ltx.sty
Package: atbegshi-ltx 2021/01/10 v1.0c Emulation of the original atbegshi
package with kernel methods
)
\Hy@abspage=\count306
\c@Item=\count307
\c@Hfootnote=\count308
)
Package hyperref Info: Driver (autodetected): hpdftex.
(C:\Users\maria\AppData\Local\Programs\MiKTeX\tex/latex/hyperref\hpdftex.def
File: hpdftex.def 2023-02-07 v7.00v Hyperref driver for pdfTeX

(C:\Users\maria\AppData\Local\Programs\MiKTeX\tex/latex/base\atveryend-ltx.sty
Package: atveryend-ltx 2020/08/19 v1.0a Emulation of the original atveryend pac
kage
with kernel methods
)
\Fld@listcount=\count309
\c@bookmark@seq@number=\count310

(C:\Users\maria\AppData\Local\Programs\MiKTeX\tex/latex/rerunfilecheck\rerunfil
echeck.sty
Package: rerunfilecheck 2022-07-10 v1.10 Rerun checks for auxiliary files (HO)

(C:\Users\maria\AppData\Local\Programs\MiKTeX\tex/generic/uniquecounter\uniquec
ounter.sty
Package: uniquecounter 2019/12/15 v1.4 Provide unlimited unique counter (HO)
)
Package uniquecounter Info: New unique counter `rerunfilecheck' on input line 2
85.
)
\Hy@SectionHShift=\skip53
)
(C:\Users\maria\AppData\Local\Programs\MiKTeX\tex/latex/tools\calc.sty
Package: calc 2017/05/25 v4.3 Infix arithmetic (KKT,FJ)
\calc@Acount=\count311
\calc@Bcount=\count312
\calc@Adimen=\dimen277
\calc@Bdimen=\dimen278
\calc@Askip=\skip54
\calc@Bskip=\skip55
LaTeX Info: Redefining \setlength on input line 80.
LaTeX Info: Redefining \addtolength on input line 81.
\calc@Ccount=\count313
\calc@Cskip=\skip56
)
(C:\Users\maria\AppData\Local\Programs\MiKTeX\tex/latex/base\makeidx.sty
Package: makeidx 2021/10/04 v1.0m Standard LaTeX package
)
\@indexfile=\write4
\openout4 = `"Mariana Cossetti Dalfior-Python.idx"'.


Writing index file "Mariana Cossetti Dalfior-Python".idx
(C:\Users\maria\AppData\Local\Programs\MiKTeX\tex/latex/titlesec\titletoc.sty
Package: titletoc 2021/07/05 v2.14 TOC entries
\ttl@leftsep=\dimen279
)
(C:\Users\maria\AppData\Local\Programs\MiKTeX\tex/latex/fancyhdr\fancyhdr.sty
Package: fancyhdr 2022/11/09 v4.1 Extensive control of page headers and footers

\f@nch@headwidth=\skip57
\f@nch@O@elh=\skip58
\f@nch@O@erh=\skip59
\f@nch@O@olh=\skip60
\f@nch@O@orh=\skip61
\f@nch@O@elf=\skip62
\f@nch@O@erf=\skip63
\f@nch@O@olf=\skip64
\f@nch@O@orf=\skip65
)
(C:\Users\maria\AppData\Local\Programs\MiKTeX\tex/latex/amsmath\amsmath.sty
Package: amsmath 2022/04/08 v2.17n AMS math features
\@mathmargin=\skip66

For additional information on amsmath, use the `?' option.
(C:\Users\maria\AppData\Local\Programs\MiKTeX\tex/latex/amsmath\amstext.sty
Package: amstext 2021/08/26 v2.01 AMS text

(C:\Users\maria\AppData\Local\Programs\MiKTeX\tex/latex/amsmath\amsgen.sty
File: amsgen.sty 1999/11/30 v2.0 generic functions
\@emptytoks=\toks36
\ex@=\dimen280
))
(C:\Users\maria\AppData\Local\Programs\MiKTeX\tex/latex/amsmath\amsbsy.sty
Package: amsbsy 1999/11/29 v1.2d Bold Symbols
\pmbraise@=\dimen281
)
(C:\Users\maria\AppData\Local\Programs\MiKTeX\tex/latex/amsmath\amsopn.sty
Package: amsopn 2022/04/08 v2.04 operator names
)
\inf@bad=\count314
LaTeX Info: Redefining \frac on input line 234.
\uproot@=\count315
\leftroot@=\count316
LaTeX Info: Redefining \overline on input line 399.
LaTeX Info: Redefining \colon on input line 410.
\classnum@=\count317
\DOTSCASE@=\count318
LaTeX Info: Redefining \ldots on input line 496.
LaTeX Info: Redefining \dots on input line 499.
LaTeX Info: Redefining \cdots on input line 620.
\Mathstrutbox@=\box67
\strutbox@=\box68
LaTeX Info: Redefining \big on input line 722.
LaTeX Info: Redefining \Big on input line 723.
LaTeX Info: Redefining \bigg on input line 724.
LaTeX Info: Redefining \Bigg on input line 725.
\big@size=\dimen282
LaTeX Font Info:    Redeclaring font encoding OML on input line 743.
LaTeX Font Info:    Redeclaring font encoding OMS on input line 744.
\macc@depth=\count319
LaTeX Info: Redefining \bmod on input line 905.
LaTeX Info: Redefining \pmod on input line 910.
LaTeX Info: Redefining \smash on input line 940.
LaTeX Info: Redefining \relbar on input line 970.
LaTeX Info: Redefining \Relbar on input line 971.
\c@MaxMatrixCols=\count320
\dotsspace@=\muskip17
\c@parentequation=\count321
\dspbrk@lvl=\count322
\tag@help=\toks37
\row@=\count323
\column@=\count324
\maxfields@=\count325
\andhelp@=\toks38
\eqnshift@=\dimen283
\alignsep@=\dimen284
\tagshift@=\dimen285
\tagwidth@=\dimen286
\totwidth@=\dimen287
\lineht@=\dimen288
\@envbody=\toks39
\multlinegap=\skip67
\multlinetaggap=\skip68
\mathdisplay@stack=\toks40
LaTeX Info: Redefining \[ on input line 2953.
LaTeX Info: Redefining \] on input line 2954.
)
(C:\Users\maria\AppData\Local\Programs\MiKTeX\tex/latex/amsfonts\amsfonts.sty
Package: amsfonts 2013/01/14 v3.01 Basic AMSFonts support
\symAMSa=\mathgroup6
\symAMSb=\mathgroup7
LaTeX Font Info:    Overwriting math alphabet `\mathfrak' in version `bold'
(Font)                  U/euf/m/n --> U/euf/b/n on input line 106.
)
(C:\Users\maria\AppData\Local\Programs\MiKTeX\tex/latex/amsfonts\amssymb.sty
Package: amssymb 2013/01/14 v3.01 AMS font symbols
)
(C:\Users\maria\AppData\Local\Programs\MiKTeX\tex/latex/amscls\amsthm.sty
Package: amsthm 2020/05/29 v2.20.6
\thm@style=\toks41
\thm@bodyfont=\toks42
\thm@headfont=\toks43
\thm@notefont=\toks44
\thm@headpunct=\toks45
\thm@preskip=\skip69
\thm@postskip=\skip70
\thm@headsep=\skip71
\dth@everypar=\toks46
)
\c@notation=\count326
\c@dummy=\count327
\c@problem=\count328
\c@exerciseT=\count329
\c@exampleT=\count330
\c@vocabulary=\count331
\c@definitionT=\count332

(C:\Users\maria\AppData\Local\Programs\MiKTeX\tex/latex/mdframed\mdframed.sty
Package: mdframed 2013/07/01 1.9b: mdframed

(C:\Users\maria\AppData\Local\Programs\MiKTeX\tex/latex/l3packages/xparse\xpars
e.sty
Package: xparse 2023-01-16 L3 Experimental document command parser
)
(C:\Users\maria\AppData\Local\Programs\MiKTeX\tex/latex/zref\zref-abspage.sty
Package: zref-abspage 2022-04-07 v2.34 Module abspage for zref (HO)

(C:\Users\maria\AppData\Local\Programs\MiKTeX\tex/latex/zref\zref-base.sty
Package: zref-base 2022-04-07 v2.34 Module base for zref (HO)
Package zref Info: New property list: main on input line 767.
Package zref Info: New property: default on input line 768.
Package zref Info: New property: page on input line 769.
)
\c@abspage=\count333
Package zref Info: New property: abspage on input line 65.
)
(C:\Users\maria\AppData\Local\Programs\MiKTeX\tex/latex/needspace\needspace.sty
Package: needspace 2010/09/12 v1.3d reserve vertical space
)
\mdf@templength=\skip72
\c@mdf@globalstyle@cnt=\count334
\mdf@skipabove@length=\skip73
\mdf@skipbelow@length=\skip74
\mdf@leftmargin@length=\skip75
\mdf@rightmargin@length=\skip76
\mdf@innerleftmargin@length=\skip77
\mdf@innerrightmargin@length=\skip78
\mdf@innertopmargin@length=\skip79
\mdf@innerbottommargin@length=\skip80
\mdf@splittopskip@length=\skip81
\mdf@splitbottomskip@length=\skip82
\mdf@outermargin@length=\skip83
\mdf@innermargin@length=\skip84
\mdf@linewidth@length=\skip85
\mdf@innerlinewidth@length=\skip86
\mdf@middlelinewidth@length=\skip87
\mdf@outerlinewidth@length=\skip88
\mdf@roundcorner@length=\skip89
\mdf@footenotedistance@length=\skip90
\mdf@userdefinedwidth@length=\skip91
\mdf@needspace@length=\skip92
\mdf@frametitleaboveskip@length=\skip93
\mdf@frametitlebelowskip@length=\skip94
\mdf@frametitlerulewidth@length=\skip95
\mdf@frametitleleftmargin@length=\skip96
\mdf@frametitlerightmargin@length=\skip97
\mdf@shadowsize@length=\skip98
\mdf@extratopheight@length=\skip99
\mdf@subtitleabovelinewidth@length=\skip100
\mdf@subtitlebelowlinewidth@length=\skip101
\mdf@subtitleaboveskip@length=\skip102
\mdf@subtitlebelowskip@length=\skip103
\mdf@subtitleinneraboveskip@length=\skip104
\mdf@subtitleinnerbelowskip@length=\skip105
\mdf@subsubtitleabovelinewidth@length=\skip106
\mdf@subsubtitlebelowlinewidth@length=\skip107
\mdf@subsubtitleaboveskip@length=\skip108
\mdf@subsubtitlebelowskip@length=\skip109
\mdf@subsubtitleinneraboveskip@length=\skip110
\mdf@subsubtitleinnerbelowskip@length=\skip111

(C:\Users\maria\AppData\Local\Programs\MiKTeX\tex/latex/mdframed\md-frame-0.mdf
File: md-frame-0.mdf 2013/07/01\ 1.9b: md-frame-0
)
\mdf@frametitlebox=\box69
\mdf@footnotebox=\box70
\mdf@splitbox@one=\box71
\mdf@splitbox@two=\box72
\mdf@splitbox@save=\box73
\mdfsplitboxwidth=\skip112
\mdfsplitboxtotalwidth=\skip113
\mdfsplitboxheight=\skip114
\mdfsplitboxdepth=\skip115
\mdfsplitboxtotalheight=\skip116
\mdfframetitleboxwidth=\skip117
\mdfframetitleboxtotalwidth=\skip118
\mdfframetitleboxheight=\skip119
\mdfframetitleboxdepth=\skip120
\mdfframetitleboxtotalheight=\skip121
\mdffootnoteboxwidth=\skip122
\mdffootnoteboxtotalwidth=\skip123
\mdffootnoteboxheight=\skip124
\mdffootnoteboxdepth=\skip125
\mdffootnoteboxtotalheight=\skip126
\mdftotallinewidth=\skip127
\mdfboundingboxwidth=\skip128
\mdfboundingboxtotalwidth=\skip129
\mdfboundingboxheight=\skip130
\mdfboundingboxdepth=\skip131
\mdfboundingboxtotalheight=\skip132
\mdf@freevspace@length=\skip133
\mdf@horizontalwidthofbox@length=\skip134
\mdf@verticalmarginwhole@length=\skip135
\mdf@horizontalspaceofbox=\skip136
\mdfsubtitleheight=\skip137
\mdfsubsubtitleheight=\skip138
\c@mdfcountframes=\count335

****** mdframed patching \endmdf@trivlist

****** -- success******

\mdf@envdepth=\count336
\c@mdf@env@i=\count337
\c@mdf@env@ii=\count338
\c@mdf@zref@counter=\count339
Package zref Info: New property: mdf@pagevalue on input line 895.
)
\esp=\skip139
\ecart=\skip140


Package hyperref Warning: Option `backref' has already been used,
(hyperref)                setting the option has no effect on input line 475.


Package hyperref Warning: Option `pagebackref' has already been used,
(hyperref)                setting the option has no effect on input line 475.


Package hyperref Warning: Option `hyperindex' has already been used,
(hyperref)                setting the option has no effect on input line 475.

Package hyperref Info: Option `colorlinks' set `false' on input line 475.
Package hyperref Info: Option `breaklinks' set `true' on input line 475.

Package hyperref Warning: Option `bookmarks' has already been used,
(hyperref)                setting the option has no effect on input line 475.

Package hyperref Info: Option `bookmarksopen' set `false' on input line 475.
(C:\Users\maria\AppData\Local\Programs\MiKTeX\tex/latex/bookmark\bookmark.sty
Package: bookmark 2020-11-06 v1.29 PDF bookmarks (HO)

(C:\Users\maria\AppData\Local\Programs\MiKTeX\tex/latex/bookmark\bkm-pdftex.def
File: bkm-pdftex.def 2020-11-06 v1.29 bookmark driver for pdfTeX (HO)
\BKM@id=\count340
))
(C:\Users\maria\AppData\Local\Programs\MiKTeX\tex/latex/setspace\setspace.sty
Package: setspace 2022/12/04 v6.7b set line spacing
)
(C:\Users\maria\AppData\Local\Programs\MiKTeX\tex/latex/tcolorbox\tcolorbox.sty
Package: tcolorbox 2023/02/12 version 6.0.1 text color boxes
(C:\Users\maria\AppData\Local\Programs\MiKTeX\tex/latex/tools\verbatim.sty
Package: verbatim 2022-07-02 v1.5u LaTeX2e package for verbatim enhancements
\every@verbatim=\toks47
\verbatim@line=\toks48
\verbatim@in@stream=\read4
)
(C:\Users\maria\AppData\Local\Programs\MiKTeX\tex/latex/environ\environ.sty
Package: environ 2014/05/04 v0.3 A new way to define environments

(C:\Users\maria\AppData\Local\Programs\MiKTeX\tex/latex/trimspaces\trimspaces.s
ty
Package: trimspaces 2009/09/17 v1.1 Trim spaces around a token list
))
\tcb@titlebox=\box74
\tcb@upperbox=\box75
\tcb@lowerbox=\box76
\tcb@phantombox=\box77
\c@tcbbreakpart=\count341
\c@tcblayer=\count342
\c@tcolorbox@number=\count343
\tcb@temp=\box78
\tcb@temp=\box79
\tcb@temp=\box80
\tcb@temp=\box81

(C:\Users\maria\AppData\Local\Programs\MiKTeX\tex/latex/tcolorbox\tcbraster.cod
e.tex
Library (tcolorbox): 'tcbraster.code.tex' version '6.0.1'
\c@tcbrastercolumn=\count344
\c@tcbrasterrow=\count345
\c@tcbrasternum=\count346
\c@tcbraster=\count347
)
(C:\Users\maria\AppData\Local\Programs\MiKTeX\tex/latex/tcolorbox\tcbskins.code
.tex
Library (tcolorbox): 'tcbskins.code.tex' version '6.0.1'

(C:\Users\maria\AppData\Local\Programs\MiKTeX\tex/latex/tikzfill\tikzfill.image
.sty
Package: tikzfill.image 2022/07/20 v1.0.0 Image filling library for TikZ

(C:\Users\maria\AppData\Local\Programs\MiKTeX\tex/latex/tikzfill\tikzfill-commo
n.sty
Package: tikzfill-common 2022/07/20 v1.0.0 Auxiliary code for tikzfill
)
(C:\Users\maria\AppData\Local\Programs\MiKTeX\tex/latex/tikzfill\tikzlibraryfil
l.image.code.tex
File: tikzlibraryfill.image.code.tex 2022/07/20 v1.0.0 Image filling library
\l__tikzfill_img_box=\box82
))
(C:\Users\maria\AppData\Local\Programs\MiKTeX\tex/latex/tcolorbox\tcbskinsjigsa
w.code.tex
Library (tcolorbox): 'tcbskinsjigsaw.code.tex' version '6.0.1'
))
(C:\Users\maria\AppData\Local\Programs\MiKTeX\tex/latex/tcolorbox\tcbbreakable.
code.tex
Library (tcolorbox): 'tcbbreakable.code.tex' version '6.0.1'
(C:\Users\maria\AppData\Local\Programs\MiKTeX\tex/latex/pdfcol\pdfcol.sty
Package: pdfcol 2022-09-21 v1.7 Handle new color stacks for pdfTeX (HO)
)
Package pdfcol Info: New color stack `tcb@breakable' = 1 on input line 23.
\tcb@testbox=\box83
\tcb@totalupperbox=\box84
\tcb@totallowerbox=\box85
)
(C:\Users\maria\AppData\Local\Programs\MiKTeX\tex/latex/tcolorbox\tcbhooks.code
.tex
Library (tcolorbox): 'tcbhooks.code.tex' version '6.0.1'
)
(C:\Users\maria\AppData\Local\Programs\MiKTeX\tex/latex/tcolorbox\tcbtheorems.c
ode.tex
Library (tcolorbox): 'tcbtheorems.code.tex' version '6.0.1'
)
(C:\Users\maria\AppData\Local\Programs\MiKTeX\tex/latex/tcolorbox\tcbfitting.co
de.tex
Library (tcolorbox): 'tcbfitting.code.tex' version '6.0.1'
\tcbfitdim=\dimen289
\tcb@lowerfitdim=\dimen290
\tcb@upperfitdim=\dimen291
\tcb@cur@hbadness=\count348
))
(C:\Users\maria\AppData\Local\Programs\MiKTeX\tex/latex/listings\listings.sty
\lst@mode=\count349
\lst@gtempboxa=\box86
\lst@token=\toks49
\lst@length=\count350
\lst@currlwidth=\dimen292
\lst@column=\count351
\lst@pos=\count352
\lst@lostspace=\dimen293
\lst@width=\dimen294
\lst@newlines=\count353
\lst@lineno=\count354
\lst@maxwidth=\dimen295

(C:\Users\maria\AppData\Local\Programs\MiKTeX\tex/latex/listings\lstmisc.sty
File: lstmisc.sty 2020/03/24 1.8d (Carsten Heinz)
\c@lstnumber=\count355
\lst@skipnumbers=\count356
\lst@framebox=\box87
)
(C:\Users\maria\AppData\Local\Programs\MiKTeX\tex/latex/listings\listings.cfg
File: listings.cfg 2020/03/24 1.8d listings configuration
))
Package: listings 2020/03/24 1.8d (Carsten Heinz)
(C:\Users\maria\AppData\Local\Programs\MiKTeX\tex/latex/listings\lstlang1.sty
File: lstlang1.sty 2020/03/24 1.8d listings language file
)
(C:\Users\maria\AppData\Local\Programs\MiKTeX\tex/latex/hyperref\backref.sty
Package: backref 2021/02/04 v1.41 Bibliographical back referencing
)

Package hyperref Warning: Option `bookmarks' has already been used,
(hyperref)                setting the option has no effect on input line 544.

Package hyperref Info: Option `unicode' set `false' on input line 544.
Package hyperref Info: Option `pdftoolbar' set `true' on input line 544.
Package hyperref Info: Option `pdfmenubar' set `true' on input line 544.
Package hyperref Info: Option `pdffitwindow' set `true' on input line 544.
Package hyperref Info: Option `pdfnewwindow' set `true' on input line 544.
Package hyperref Info: Option `colorlinks' set `true' on input line 544.
) (Mariana Cossetti Dalfior-Python.aux)
\openout1 = `"Mariana Cossetti Dalfior-Python.aux"'.

LaTeX Font Info:    Checking defaults for OML/cmm/m/it on input line 29.
LaTeX Font Info:    ... okay on input line 29.
LaTeX Font Info:    Checking defaults for OMS/cmsy/m/n on input line 29.
LaTeX Font Info:    ... okay on input line 29.
LaTeX Font Info:    Checking defaults for OT1/cmr/m/n on input line 29.
LaTeX Font Info:    ... okay on input line 29.
LaTeX Font Info:    Checking defaults for T1/cmr/m/n on input line 29.
LaTeX Font Info:    ... okay on input line 29.
LaTeX Font Info:    Checking defaults for TS1/cmr/m/n on input line 29.
LaTeX Font Info:    ... okay on input line 29.
LaTeX Font Info:    Checking defaults for OMX/cmex/m/n on input line 29.
LaTeX Font Info:    ... okay on input line 29.
LaTeX Font Info:    Checking defaults for U/cmr/m/n on input line 29.
LaTeX Font Info:    ... okay on input line 29.
LaTeX Font Info:    Checking defaults for PD1/pdf/m/n on input line 29.
LaTeX Font Info:    ... okay on input line 29.
LaTeX Font Info:    Checking defaults for PU/pdf/m/n on input line 29.
LaTeX Font Info:    ... okay on input line 29.

*geometry* driver: auto-detecting
*geometry* detected driver: pdftex
*geometry* verbose mode - [ preamble ] result:
* driver: pdftex
* paper: a4paper
* layout: <same size as paper>
* layoutoffset:(h,v)=(0.0pt,0.0pt)
* modes: twoside 
* h-part:(L,W,R)=(85.35826pt, 426.79135pt, 85.35826pt)
* v-part:(T,H,B)=(85.35826pt, 674.33032pt, 85.35826pt)
* \paperwidth=597.50787pt
* \paperheight=845.04684pt
* \textwidth=426.79135pt
* \textheight=674.33032pt
* \oddsidemargin=13.08827pt
* \evensidemargin=13.08827pt
* \topmargin=-8.91173pt
* \headheight=14.5pt
* \headsep=10.0pt
* \topskip=11.0pt
* \footskip=27.46295pt
* \marginparwidth=116.0pt
* \marginparsep=7.0pt
* \columnsep=10.0pt
* \skip\footins=10.0pt plus 4.0pt minus 2.0pt
* \hoffset=0.0pt
* \voffset=0.0pt
* \mag=1000
* \@twocolumnfalse
* \@twosidetrue
* \@mparswitchtrue
* \@reversemarginfalse
* (1in=72.27pt=25.4mm, 1cm=28.453pt)


(C:\Users\maria\AppData\Local\Programs\MiKTeX\tex/context/base/mkii\supp-pdf.mk
ii
[Loading MPS to PDF converter (version 2006.09.02).]
\scratchcounter=\count357
\scratchdimen=\dimen296
\scratchbox=\box88
\nofMPsegments=\count358
\nofMParguments=\count359
\everyMPshowfont=\toks50
\MPscratchCnt=\count360
\MPscratchDim=\dimen297
\MPnumerator=\count361
\makeMPintoPDFobject=\count362
\everyMPtoPDFconversion=\toks51
)
(C:\Users\maria\AppData\Local\Programs\MiKTeX\tex/latex/epstopdf-pkg\epstopdf-b
ase.sty
Package: epstopdf-base 2020-01-24 v2.11 Base part for package epstopdf
Package epstopdf-base Info: Redefining graphics rule for `.eps' on input line 4
85.

(C:\Users\maria\AppData\Local\Programs\MiKTeX\tex/latex/00miktex\epstopdf-sys.c
fg
File: epstopdf-sys.cfg 2021/03/18 v2.0 Configuration of epstopdf for MiKTeX
))
LaTeX Info: Redefining \microtypecontext on input line 29.
Package microtype Info: Applying patch `item' on input line 29.
Package microtype Info: Applying patch `toc' on input line 29.
Package microtype Info: Applying patch `eqnum' on input line 29.


Package microtype Warning: Unable to apply patch `footnote' on input line 29.

Package microtype Info: Generating PDF output.
Package microtype Info: Character protrusion enabled (level 2).
Package microtype Info: Using default protrusion set `alltext'.
Package microtype Info: Automatic font expansion enabled (level 2),
(microtype)             stretch: 20, shrink: 20, step: 1, non-selected.
Package microtype Info: Using default expansion set `alltext-nott'.
LaTeX Info: Redefining \showhyphens on input line 29.
Package microtype Info: No adjustment of tracking.
Package microtype Info: No adjustment of interword spacing.
Package microtype Info: No adjustment of character kerning.
(C:\Users\maria\AppData\Local\Programs\MiKTeX\tex/latex/microtype\mt-ptm.cfg
File: mt-ptm.cfg 2006/04/20 v1.7 microtype config. file: Times (RS)
)
Package hyperref Info: Link coloring ON on input line 29.
\c@lstlisting=\count363
<Pictures//capa.png, id=6, 542.025pt x 722.7pt>
File: Pictures//capa.png Graphic file (type png)
<use Pictures//capa.png>
Package pdftex.def Info: Pictures//capa.png  used on input line 42.
(pdftex.def)             Requested size: 597.50787pt x 796.70377pt.
LaTeX Font Info:    Trying to load font information for T1+pag on input line 43
.

(C:\Users\maria\AppData\Local\Programs\MiKTeX\tex/latex/psnfss\t1pag.fd
File: t1pag.fd 2001/06/04 font definitions for T1/pag.
)
LaTeX Font Info:    Font shape `T1/pag/b/n' in size <24.88> not available
(Font)              Font shape `T1/pag/db/n' tried instead on input line 43.
Package microtype Info: Loading generic protrusion settings for font family
(microtype)             `pag' (encoding: T1).
(microtype)             For optimal results, create family-specific settings.
(microtype)             See the microtype manual for details.
LaTeX Font Info:    Font shape `T1/pag/b/n' in size <14.4> not available
(Font)              Font shape `T1/pag/db/n' tried instead on input line 50.
LaTeX Font Info:    Font shape `T1/pag/b/n' in size <20.74> not available
(Font)              Font shape `T1/pag/db/n' tried instead on input line 50.
LaTeX Font Info:    Font shape `T1/pag/b/n' in size <10> not available
(Font)              Font shape `T1/pag/db/n' tried instead on input line 50.
LaTeX Font Info:    Trying to load font information for OT1+ztmcm on input line
 50.

(C:\Users\maria\AppData\Local\Programs\MiKTeX\tex/latex/psnfss\ot1ztmcm.fd
File: ot1ztmcm.fd 2000/01/03 Fontinst v1.801 font definitions for OT1/ztmcm.
)
Package microtype Info: Loading generic protrusion settings for font family
(microtype)             `ztmcm' (encoding: OT1).
(microtype)             For optimal results, create family-specific settings.
(microtype)             See the microtype manual for details.
LaTeX Font Info:    Trying to load font information for OML+ztmcm on input line
 50.

(C:\Users\maria\AppData\Local\Programs\MiKTeX\tex/latex/psnfss\omlztmcm.fd
File: omlztmcm.fd 2000/01/03 Fontinst v1.801 font definitions for OML/ztmcm.
)
LaTeX Font Info:    Trying to load font information for OMS+ztmcm on input line
 50.

(C:\Users\maria\AppData\Local\Programs\MiKTeX\tex/latex/psnfss\omsztmcm.fd
File: omsztmcm.fd 2000/01/03 Fontinst v1.801 font definitions for OMS/ztmcm.
)
LaTeX Font Info:    Trying to load font information for OMX+ztmcm on input line
 50.

(C:\Users\maria\AppData\Local\Programs\MiKTeX\tex/latex/psnfss\omxztmcm.fd
File: omxztmcm.fd 2000/01/03 Fontinst v1.801 font definitions for OMX/ztmcm.
)
LaTeX Font Info:    Trying to load font information for OT1+ptm on input line 5
0.

(C:\Users\maria\AppData\Local\Programs\MiKTeX\tex/latex/psnfss\ot1ptm.fd
File: ot1ptm.fd 2001/06/04 font definitions for OT1/ptm.
)
LaTeX Font Info:    Font shape `OT1/ptm/bx/n' in size <24.88> not available
(Font)              Font shape `OT1/ptm/b/n' tried instead on input line 50.
LaTeX Font Info:    Font shape `OT1/ptm/bx/n' in size <17.28> not available
(Font)              Font shape `OT1/ptm/b/n' tried instead on input line 50.
LaTeX Font Info:    Font shape `OT1/ptm/bx/n' in size <14.4> not available
(Font)              Font shape `OT1/ptm/b/n' tried instead on input line 50.

(C:\Users\maria\AppData\Local\Programs\MiKTeX\tex/latex/microtype\mt-msa.cfg
File: mt-msa.cfg 2006/02/04 v1.1 microtype config. file: AMS symbols (a) (RS)
)
(C:\Users\maria\AppData\Local\Programs\MiKTeX\tex/latex/microtype\mt-msb.cfg
File: mt-msb.cfg 2005/06/01 v1.0 microtype config. file: AMS symbols (b) (RS)
)
[1

{C:/Users/maria/AppData/Local/MiKTeX/fonts/map/pdftex/pdftex.map} <./Pictures//
capa.png>] (ficha.tex
LaTeX Font Info:    Font shape `T1/pag/b/n' in size <12> not available
(Font)              Font shape `T1/pag/db/n' tried instead on input line 16.
LaTeX Font Info:    Font shape `OT1/ptm/bx/n' in size <10.95> not available
(Font)              Font shape `OT1/ptm/b/n' tried instead on input line 20.
LaTeX Font Info:    Font shape `OT1/ptm/bx/n' in size <8> not available
(Font)              Font shape `OT1/ptm/b/n' tried instead on input line 20.
LaTeX Font Info:    Font shape `OT1/ptm/bx/n' in size <6> not available
(Font)              Font shape `OT1/ptm/b/n' tried instead on input line 20.
) [2]
LaTeX Font Info:    Trying to load font information for TS1+ptm on input line 6
8.

(C:\Users\maria\AppData\Local\Programs\MiKTeX\tex/latex/psnfss\ts1ptm.fd
File: ts1ptm.fd 2001/06/04 font definitions for TS1/ptm.
)
Underfull \hbox (badness 10000) in paragraph at lines 68--69

 []


Underfull \hbox (badness 10000) in paragraph at lines 70--71

 []


Underfull \hbox (badness 10000) in paragraph at lines 72--75

 []

[3] [4

]
<Pictures//sumario01.jpg, id=33, 569.12625pt x 313.17pt>
File: Pictures//sumario01.jpg Graphic file (type jpg)
<use Pictures//sumario01.jpg>
Package pdftex.def Info: Pictures//sumario01.jpg  used on input line 89.
(pdftex.def)             Requested size: 597.50787pt x 328.81908pt.
 (Mariana Cossetti Dalfior-Python.toc
LaTeX Font Info:    Font shape `T1/pag/b/n' in size <10.95> not available
(Font)              Font shape `T1/pag/db/n' tried instead on input line 3.
 [5 <./Pictures//sumario01.jpg>])
\tf@toc=\write5
\openout5 = `"Mariana Cossetti Dalfior-Python.toc"'.


[6] (01introducPy.tex
Cap\'{\i }tulo 1.
<Pictures//capitulo01.jpg, id=189, 1204.5pt x 469.755pt>
File: Pictures//capitulo01.jpg Graphic file (type jpg)
<use Pictures//capitulo01.jpg>
Package pdftex.def Info: Pictures//capitulo01.jpg  used on input line 8.
(pdftex.def)             Requested size: 597.50787pt x 233.03477pt.
LaTeX Font Info:    Trying to load font information for T1+cmtt on input line 2
4.
(C:\Users\maria\AppData\Local\Programs\MiKTeX\tex/latex/base\t1cmtt.fd
File: t1cmtt.fd 2022/07/10 v2.5l Standard LaTeX font definitions
)
Package microtype Info: Loading generic protrusion settings for font family
(microtype)             `cmtt' (encoding: T1).
(microtype)             For optimal results, create family-specific settings.
(microtype)             See the microtype manual for details.

[7


 <./Pictures//capitulo01.jpg>]
Underfull \vbox (badness 10000) has occurred while \output is active []

 [8]
<Pictures//pythonhistory.jpg, id=209, 770.88pt x 740.7675pt>
File: Pictures//pythonhistory.jpg Graphic file (type jpg)
<use Pictures//pythonhistory.jpg>
Package pdftex.def Info: Pictures//pythonhistory.jpg  used on input line 67.
(pdftex.def)             Requested size: 341.43306pt x 328.0863pt.
<Pictures//logo1.png, id=211, 1204.5pt x 1204.5pt>
File: Pictures//logo1.png Graphic file (type png)
<use Pictures//logo1.png>
Package pdftex.def Info: Pictures//logo1.png  used on input line 78.
(pdftex.def)             Requested size: 85.35826pt x 85.35284pt.
<Pictures//logo2.png, id=212, 1003.75pt x 1003.75pt>
File: Pictures//logo2.png Graphic file (type png)
<use Pictures//logo2.png>
Package pdftex.def Info: Pictures//logo2.png  used on input line 79.
(pdftex.def)             Requested size: 85.35826pt x 85.35591pt.
<Pictures//logo3.png, id=213, 62.6735pt x 62.6735pt>
File: Pictures//logo3.png Graphic file (type png)
<use Pictures//logo3.png>
Package pdftex.def Info: Pictures//logo3.png  used on input line 80.
(pdftex.def)             Requested size: 85.35826pt x 85.36008pt.

[9 <./Pictures//pythonhistory.jpg> <./Pictures//logo1.png> <./Pictures//logo2.p
ng> <./Pictures//logo3.png>]
Underfull \hbox (badness 10000) in paragraph at lines 96--97

 []


Underfull \hbox (badness 10000) in paragraph at lines 107--108

 []

[10]
Underfull \hbox (badness 10000) in paragraph at lines 132--133

 []


LaTeX Warning: Citation `BarrosMaciel2020' on page 11 undefined on input line 1
43.


Underfull \hbox (badness 10000) in paragraph at lines 151--152

 []


Package fancyhdr Warning: \headheight is too small (14.5pt): 
(fancyhdr)                Make it at least 14.57007pt, for example:
(fancyhdr)                \setlength{\headheight}{14.57007pt}.
(fancyhdr)                You might also make \topmargin smaller to compensate:

(fancyhdr)                \addtolength{\topmargin}{-0.07007pt}.

[11]) (02basicosPy.tex [12]
Cap\'{\i }tulo 2.
<Pictures//capitulo.jpg, id=246, 903.375pt x 352.31625pt>
File: Pictures//capitulo.jpg Graphic file (type jpg)
<use Pictures//capitulo.jpg>
Package pdftex.def Info: Pictures//capitulo.jpg  used on input line 8.
(pdftex.def)             Requested size: 597.50787pt x 233.04015pt.
LaTeX Font Info:    Font shape `T1/cmtt/bx/n' in size <10.95> not available
(Font)              Font shape `T1/cmtt/m/n' tried instead on input line 17.
[13

 <./Pictures//capitulo.jpg>]
<Pictures//constantes.png, id=267, 378.213pt x 133.6995pt>
File: Pictures//constantes.png Graphic file (type png)
<use Pictures//constantes.png>
Package pdftex.def Info: Pictures//constantes.png  used on input line 96.
(pdftex.def)             Requested size: 341.43306pt x 120.7038pt.
 [14]
<Pictures//resulconstantes.png, id=304, 231.86626pt x 52.39575pt>
File: Pictures//resulconstantes.png Graphic file (type png)
<use Pictures//resulconstantes.png>
Package pdftex.def Info: Pictures//resulconstantes.png  used on input line 105.

(pdftex.def)             Requested size: 256.0748pt x 57.87134pt.
<Pictures//input.png, id=308, 370.38374pt x 133.09724pt>
File: Pictures//input.png Graphic file (type png)
<use Pictures//input.png>
Package pdftex.def Info: Pictures//input.png  used on input line 137.
(pdftex.def)             Requested size: 341.43306pt x 122.69464pt.

Underfull \vbox (badness 1077) has occurred while \output is active []

 [15 <./Pictures//constantes.png> <./Pictures//resulconstantes.png>]
<Pictures//resulinput.png, id=328, 227.04825pt x 67.452pt>
File: Pictures//resulinput.png Graphic file (type png)
<use Pictures//resulinput.png>
Package pdftex.def Info: Pictures//resulinput.png  used on input line 146.
(pdftex.def)             Requested size: 256.0748pt x 76.07988pt.


LaTeX Warning: Reference `fontoutput' on page 16 undefined on input line 156.

<Pictures//output.png, id=330, 374.5995pt x 118.041pt>
File: Pictures//output.png Graphic file (type png)
<use Pictures//output.png>
Package pdftex.def Info: Pictures//output.png  used on input line 173.
(pdftex.def)             Requested size: 341.43306pt x 107.59036pt.

Underfull \vbox (badness 10000) has occurred while \output is active []

 [16 <./Pictures//input.png> <./Pictures//resulinput.png>]
<Pictures//resuloutput.png, id=348, 246.9225pt x 52.39575pt>
File: Pictures//resuloutput.png Graphic file (type png)
<use Pictures//resuloutput.png>
Package pdftex.def Info: Pictures//resuloutput.png  used on input line 182.
(pdftex.def)             Requested size: 256.0748pt x 54.34077pt.
<Pictures//string1.png, id=352, 379.4175pt x 118.041pt>
File: Pictures//string1.png Graphic file (type png)
<use Pictures//string1.png>
Package pdftex.def Info: Pictures//string1.png  used on input line 217.
(pdftex.def)             Requested size: 341.43306pt x 106.2251pt.

Underfull \vbox (badness 2027) has occurred while \output is active []

 [17 <./Pictures//output.png> <./Pictures//resuloutput.png>]
<Pictures//resulstring1.png, id=373, 226.446pt x 51.7935pt>
File: Pictures//resulstring1.png Graphic file (type png)
<use Pictures//resulstring1.png>
Package pdftex.def Info: Pictures//resulstring1.png  used on input line 226.
(pdftex.def)             Requested size: 256.0748pt x 58.5718pt.
<Pictures//string2.png, id=376, 379.4175pt x 118.64325pt>
File: Pictures//string2.png Graphic file (type png)
<use Pictures//string2.png>
Package pdftex.def Info: Pictures//string2.png  used on input line 249.
(pdftex.def)             Requested size: 341.43306pt x 106.76706pt.
<Pictures//resulstring2.png, id=377, 227.04825pt x 52.39575pt>
File: Pictures//resulstring2.png Graphic file (type png)
<use Pictures//resulstring2.png>
Package pdftex.def Info: Pictures//resulstring2.png  used on input line 258.
(pdftex.def)             Requested size: 256.0748pt x 59.09776pt.
 [18 <./Pictures//string1.png> <./Pictures//resulstring1.png> <./Pictures//stri
ng2.png>]
<Pictures//concatenacao1.png, id=401, 396.2805pt x 46.37325pt>
File: Pictures//concatenacao1.png Graphic file (type png)
<use Pictures//concatenacao1.png>
Package pdftex.def Info: Pictures//concatenacao1.png  used on input line 279.
(pdftex.def)             Requested size: 341.43306pt x 39.95732pt.
<Pictures//resulconcatenacao1.png, id=402, 230.66174pt x 45.16875pt>
File: Pictures//resulconcatenacao1.png Graphic file (type png)
<use Pictures//resulconcatenacao1.png>
Package pdftex.def Info: Pictures//resulconcatenacao1.png  used on input line 2
88.
(pdftex.def)             Requested size: 256.0748pt x 50.14615pt.
<Pictures//concatenacao2.png, id=403, 391.4625pt x 60.82726pt>
File: Pictures//concatenacao2.png Graphic file (type png)
<use Pictures//concatenacao2.png>
Package pdftex.def Info: Pictures//concatenacao2.png  used on input line 306.
(pdftex.def)             Requested size: 341.43306pt x 53.05664pt.
<Pictures//resulconcatenacao2.png, id=404, 235.47975pt x 46.37325pt>
File: Pictures//resulconcatenacao2.png Graphic file (type png)
<use Pictures//resulconcatenacao2.png>
Package pdftex.def Info: Pictures//resulconcatenacao2.png  used on input line 3
15.
(pdftex.def)             Requested size: 256.0748pt x 50.43118pt.
 [19 <./Pictures//resulstring2.png> <./Pictures//concatenacao1.png> <./Pictures
//resulconcatenacao1.png> <./Pictures//concatenacao2.png>]
Underfull \hbox (badness 10000) in paragraph at lines 321--324

 []

<Pictures//frase.png, id=429, 370.986pt x 60.225pt>
File: Pictures//frase.png Graphic file (type png)
<use Pictures//frase.png>
Package pdftex.def Info: Pictures//frase.png  used on input line 340.
(pdftex.def)             Requested size: 341.43306pt x 55.4297pt.
<Pictures//resulfrase.png, id=430, 233.07076pt x 37.3395pt>
File: Pictures//resulfrase.png Graphic file (type png)
<use Pictures//resulfrase.png>
Package pdftex.def Info: Pictures//resulfrase.png  used on input line 349.
(pdftex.def)             Requested size: 256.0748pt x 41.02568pt.

Overfull \hbox (21.56992pt too wide) in paragraph at lines 361--362
[][][][][][][][][][][][][][][][][][][][][][][][][][][][][][][][][][] 
 []

[20 <./Pictures//resulconcatenacao2.png> <./Pictures//frase.png> <./Pictures//r
esulfrase.png>]
<Pictures//format.png, id=456, 389.65575pt x 63.8385pt>
File: Pictures//format.png Graphic file (type png)
<use Pictures//format.png>
Package pdftex.def Info: Pictures//format.png  used on input line 368.
(pdftex.def)             Requested size: 341.43306pt x 55.94133pt.
<Pictures//resulformat.png, id=457, 233.07076pt x 48.78226pt>
File: Pictures//resulformat.png Graphic file (type png)
<use Pictures//resulformat.png>
Package pdftex.def Info: Pictures//resulformat.png  used on input line 377.
(pdftex.def)             Requested size: 256.0748pt x 53.5981pt.
<Pictures//format2.png, id=458, 349.90726pt x 60.225pt>
File: Pictures//format2.png Graphic file (type png)
<use Pictures//format2.png>
Package pdftex.def Info: Pictures//format2.png  used on input line 395.
(pdftex.def)             Requested size: 341.43306pt x 58.76645pt.
<Pictures//resulformat2.png, id=459, 230.0595pt x 37.94176pt>
File: Pictures//resulformat2.png Graphic file (type png)
<use Pictures//resulformat2.png>
Package pdftex.def Info: Pictures//resulformat2.png  used on input line 404.
(pdftex.def)             Requested size: 256.0748pt x 42.23683pt.

Underfull \hbox (badness 10000) in paragraph at lines 415--416

 []

[21 <./Pictures//format.png> <./Pictures//resulformat.png> <./Pictures//format2
.png> <./Pictures//resulformat2.png>]
<Pictures//logicas.png, id=477, 356.532pt x 263.18324pt>
File: Pictures//logicas.png Graphic file (type png)
<use Pictures//logicas.png>
Package pdftex.def Info: Pictures//logicas.png  used on input line 472.
(pdftex.def)             Requested size: 341.43306pt x 252.0587pt.

Underfull \vbox (badness 10000) has occurred while \output is active []

 [22]
<Pictures//resullogicas.png, id=504, 233.07076pt x 96.36pt>
File: Pictures//resullogicas.png Graphic file (type png)
<use Pictures//resullogicas.png>
Package pdftex.def Info: Pictures//resullogicas.png  used on input line 481.
(pdftex.def)             Requested size: 256.0748pt x 105.87279pt.

[23 <./Pictures//logicas.png> <./Pictures//resullogicas.png>]
<Pictures//inteiros.png, id=522, 378.213pt x 322.20375pt>
File: Pictures//inteiros.png Graphic file (type png)
<use Pictures//inteiros.png>
Package pdftex.def Info: Pictures//inteiros.png  used on input line 534.
(pdftex.def)             Requested size: 341.43306pt x 290.88531pt.

Underfull \vbox (badness 10000) has occurred while \output is active []

 [24]
<Pictures//resulinteiros.png, id=552, 233.07076pt x 97.5645pt>
File: Pictures//resulinteiros.png Graphic file (type png)
<use Pictures//resulinteiros.png>
Package pdftex.def Info: Pictures//resulinteiros.png  used on input line 543.
(pdftex.def)             Requested size: 256.0748pt x 107.1962pt.

[25 <./Pictures//inteiros.png> <./Pictures//resulinteiros.png>]
<Pictures//float1.png, id=567, 373.395pt x 133.09724pt>
File: Pictures//float1.png Graphic file (type png)
<use Pictures//float1.png>
Package pdftex.def Info: Pictures//float1.png  used on input line 569.
(pdftex.def)             Requested size: 341.43306pt x 121.70966pt.
<Pictures//resulfloat1.png, id=568, 230.66174pt x 37.94176pt>
File: Pictures//resulfloat1.png Graphic file (type png)
<use Pictures//resulfloat1.png>
Package pdftex.def Info: Pictures//resulfloat1.png  used on input line 578.
(pdftex.def)             Requested size: 256.0748pt x 42.12277pt.
 [26 <./Pictures//float1.png> <./Pictures//resulfloat1.png>]
<Pictures//float2.png, id=602, 375.20175pt x 314.97675pt>
File: Pictures//float2.png Graphic file (type png)
<use Pictures//float2.png>
Package pdftex.def Info: Pictures//float2.png  used on input line 614.
(pdftex.def)             Requested size: 341.43306pt x 286.63408pt.
<Pictures//resulfloat2.png, id=603, 236.082pt x 97.5645pt>
File: Pictures//resulfloat2.png Graphic file (type png)
<use Pictures//resulfloat2.png>
Package pdftex.def Info: Pictures//resulfloat2.png  used on input line 623.
(pdftex.def)             Requested size: 256.0748pt x 105.83403pt.
 [27 <./Pictures//float2.png> <./Pictures//resulfloat2.png>]
<Pictures//complexos.png, id=617, 383.63326pt x 74.07675pt>
File: Pictures//complexos.png Graphic file (type png)
<use Pictures//complexos.png>
Package pdftex.def Info: Pictures//complexos.png  used on input line 647.
(pdftex.def)             Requested size: 341.43306pt x 65.92923pt.
<Pictures//resulcomplexos.png, id=618, 229.45724pt x 48.78226pt>
File: Pictures//resulcomplexos.png Graphic file (type png)
<use Pictures//resulcomplexos.png>
Package pdftex.def Info: Pictures//resulcomplexos.png  used on input line 656.
(pdftex.def)             Requested size: 256.0748pt x 54.44518pt.

Overfull \hbox (7.77504pt too wide) in paragraph at lines 674--675
[][][][][][][][][][][][][][][][][][][][][][][][][][][][][][][][][][][][][][][][
][][] 
 []

<Pictures//bool.png, id=621, 401.70074pt x 102.98476pt>
File: Pictures//bool.png Graphic file (type png)
<use Pictures//bool.png>
Package pdftex.def Info: Pictures//bool.png  used on input line 681.
(pdftex.def)             Requested size: 341.43306pt x 87.53586pt.

Underfull \vbox (badness 10000) has occurred while \output is active []

 [28 <./Pictures//complexos.png> <./Pictures//resulcomplexos.png>]
<Pictures//resulbool.png, id=647, 233.07076pt x 42.75975pt>
File: Pictures//resulbool.png Graphic file (type png)
<use Pictures//resulbool.png>
Package pdftex.def Info: Pictures//resulbool.png  used on input line 690.
(pdftex.def)             Requested size: 256.0748pt x 46.98103pt.
<Pictures//bool2.png, id=650, 386.04225pt x 117.43875pt>
File: Pictures//bool2.png Graphic file (type png)
<use Pictures//bool2.png>
Package pdftex.def Info: Pictures//bool2.png  used on input line 712.
(pdftex.def)             Requested size: 341.43306pt x 103.86966pt.
<Pictures//resulbool2.png, id=651, 230.66174pt x 72.87225pt>
File: Pictures//resulbool2.png Graphic file (type png)
<use Pictures//resulbool2.png>
Package pdftex.def Info: Pictures//resulbool2.png  used on input line 721.
(pdftex.def)             Requested size: 256.0748pt x 80.9025pt.

Underfull \vbox (badness 10000) has occurred while \output is active []

 [29 <./Pictures//bool.png> <./Pictures//resulbool.png> <./Pictures//bool2.png>
]
LaTeX Font Info:    Font shape `T1/pag/b/sl' in size <10.95> not available
(Font)              Font shape `T1/pag/db/sl' tried instead on input line 734.
<Pictures//if.png, id=673, 363.15675pt x 89.133pt>
File: Pictures//if.png Graphic file (type png)
<use Pictures//if.png>
Package pdftex.def Info: Pictures//if.png  used on input line 756.
(pdftex.def)             Requested size: 341.43306pt x 83.80814pt.
<Pictures//resulif.png, id=674, 229.45724pt x 37.3395pt>
File: Pictures//resulif.png Graphic file (type png)
<use Pictures//resulif.png>
Package pdftex.def Info: Pictures//resulif.png  used on input line 765.
(pdftex.def)             Requested size: 256.0748pt x 41.67407pt.

Underfull \vbox (badness 1210) has occurred while \output is active []

 [30 <./Pictures//resulbool2.png> <./Pictures//if.png>]
<Pictures//else.png, id=697, 365.56575pt x 119.2455pt>
File: Pictures//else.png Graphic file (type png)
<use Pictures//else.png>
Package pdftex.def Info: Pictures//else.png  used on input line 799.
(pdftex.def)             Requested size: 341.43306pt x 111.37387pt.
<Pictures//resulelse.png, id=698, 231.86626pt x 36.73724pt>
File: Pictures//resulelse.png Graphic file (type png)
<use Pictures//resulelse.png>
Package pdftex.def Info: Pictures//resulelse.png  used on input line 808.
(pdftex.def)             Requested size: 256.0748pt x 40.57643pt.

Underfull \vbox (badness 10000) has occurred while \output is active []

 [31 <./Pictures//resulif.png> <./Pictures//else.png>]
Underfull \hbox (badness 10000) in paragraph at lines 817--818

 []

<Pictures//elif.png, id=726, 368.577pt x 145.7445pt>
File: Pictures//elif.png Graphic file (type png)
<use Pictures//elif.png>
Package pdftex.def Info: Pictures//elif.png  used on input line 850.
(pdftex.def)             Requested size: 341.43306pt x 135.01392pt.

Underfull \vbox (badness 10000) has occurred while \output is active []

 [32 <./Pictures//resulelse.png>]
<Pictures//resulelif.png, id=756, 230.66174pt x 37.3395pt>
File: Pictures//resulelif.png Graphic file (type png)
<use Pictures//resulelif.png>
Package pdftex.def Info: Pictures//resulelif.png  used on input line 859.
(pdftex.def)             Requested size: 256.0748pt x 41.45415pt.
<Pictures//for.png, id=759, 373.99725pt x 77.088pt>
File: Pictures//for.png Graphic file (type png)
<use Pictures//for.png>
Package pdftex.def Info: Pictures//for.png  used on input line 891.
(pdftex.def)             Requested size: 341.43306pt x 70.38072pt.

Underfull \vbox (badness 8189) has occurred while \output is active []

 [33 <./Pictures//elif.png> <./Pictures//resulelif.png>]
<Pictures//resulfor.png, id=780, 234.8775pt x 85.5195pt>
File: Pictures//resulfor.png Graphic file (type png)
<use Pictures//resulfor.png>
Package pdftex.def Info: Pictures//resulfor.png  used on input line 900.
(pdftex.def)             Requested size: 256.0748pt x 93.23787pt.
<Pictures//while.png, id=783, 375.20175pt x 128.27925pt>
File: Pictures//while.png Graphic file (type png)
<use Pictures//while.png>
Package pdftex.def Info: Pictures//while.png  used on input line 934.
(pdftex.def)             Requested size: 341.43306pt x 116.73625pt.

Underfull \vbox (badness 10000) has occurred while \output is active []

 [34 <./Pictures//for.png> <./Pictures//resulfor.png>]
<Pictures//resulwhile.png, id=806, 229.45724pt x 40.35075pt>
File: Pictures//resulwhile.png Graphic file (type png)
<use Pictures//resulwhile.png>
Package pdftex.def Info: Pictures//resulwhile.png  used on input line 943.
(pdftex.def)             Requested size: 256.0748pt x 45.0349pt.
) (03ObjetosPy.tex [35 <./Pictures//while.png> <./Pictures//resulwhile.png>] [3
6

]
Cap\'{\i }tulo 3.
File: Pictures//capitulo.jpg Graphic file (type jpg)
<use Pictures//capitulo.jpg>
Package pdftex.def Info: Pictures//capitulo.jpg  used on input line 8.
(pdftex.def)             Requested size: 597.50787pt x 233.04015pt.

Overfull \hbox (34.93546pt too wide) in paragraph at lines 29--30
[][][][][][][][][][][][][][][][][][][][][][][][][][][][][][][][][][][][][][][][
] 
 []

[37]
<Pictures//listas1.png, id=837, 376.40625pt x 175.857pt>
File: Pictures//listas1.png Graphic file (type png)
<use Pictures//listas1.png>
Package pdftex.def Info: Pictures//listas1.png  used on input line 66.
(pdftex.def)             Requested size: 341.43306pt x 159.52832pt.
<Pictures//resullistas1.png, id=838, 233.07076pt x 61.4295pt>
File: Pictures//resullistas1.png Graphic file (type png)
<use Pictures//resullistas1.png>
Package pdftex.def Info: Pictures//resullistas1.png  used on input line 75.
(pdftex.def)             Requested size: 256.0748pt x 67.4939pt.

Underfull \vbox (badness 10000) has occurred while \output is active []

 [38 <./Pictures//listas1.png>]
<Pictures//listas2.png, id=864, 378.213pt x 233.07076pt>
File: Pictures//listas2.png Graphic file (type png)
<use Pictures//listas2.png>
Package pdftex.def Info: Pictures//listas2.png  used on input line 108.
(pdftex.def)             Requested size: 341.43306pt x 210.41609pt.

Underfull \vbox (badness 10000) has occurred while \output is active []

 [39 <./Pictures//resullistas1.png>]
<Pictures//resullistas2.png, id=891, 231.86626pt x 63.8385pt>
File: Pictures//resullistas2.png Graphic file (type png)
<use Pictures//resullistas2.png>
Package pdftex.def Info: Pictures//resullistas2.png  used on input line 117.
(pdftex.def)             Requested size: 256.0748pt x 70.5099pt.
 [40 <./Pictures//listas2.png> <./Pictures//resullistas2.png>]
<Pictures//set.png, id=910, 374.5995pt x 350.5095pt>
File: Pictures//set.png Graphic file (type png)
<use Pictures//set.png>
Package pdftex.def Info: Pictures//set.png  used on input line 182.
(pdftex.def)             Requested size: 341.43306pt x 319.47758pt.

Underfull \vbox (badness 10000) has occurred while \output is active []

 [41]
<Pictures//resulset.png, id=947, 230.66174pt x 112.62074pt>
File: Pictures//resulset.png Graphic file (type png)
<use Pictures//resulset.png>
Package pdftex.def Info: Pictures//resulset.png  used on input line 191.
(pdftex.def)             Requested size: 256.0748pt x 125.0311pt.

Underfull \hbox (badness 10000) in paragraph at lines 200--201

 []

[42 <./Pictures//set.png> <./Pictures//resulset.png>]
<Pictures//frozenset.png, id=959, 386.6445pt x 60.225pt>
File: Pictures//frozenset.png Graphic file (type png)
<use Pictures//frozenset.png>
Package pdftex.def Info: Pictures//frozenset.png  used on input line 212.
(pdftex.def)             Requested size: 341.43306pt x 53.1847pt.
<Pictures//resulfrozenset.png, id=960, 233.673pt x 36.73724pt>
File: Pictures//resulfrozenset.png Graphic file (type png)
<use Pictures//resulfrozenset.png>
Package pdftex.def Info: Pictures//resulfrozenset.png  used on input line 221.
(pdftex.def)             Requested size: 256.0748pt x 40.2614pt.

Underfull \hbox (badness 10000) in paragraph at lines 234--235

 []

<Pictures//dicionario.png, id=963, 448.67625pt x 190.91325pt>
File: Pictures//dicionario.png Graphic file (type png)
<use Pictures//dicionario.png>
Package pdftex.def Info: Pictures//dicionario.png  used on input line 257.
(pdftex.def)             Requested size: 341.43306pt x 145.28493pt.
[43 <./Pictures//frozenset.png> <./Pictures//resulfrozenset.png>]
<Pictures//resuldicionario.png, id=995, 230.0595pt x 52.39575pt>
File: Pictures//resuldicionario.png Graphic file (type png)
<use Pictures//resuldicionario.png>
Package pdftex.def Info: Pictures//resuldicionario.png  used on input line 266.

(pdftex.def)             Requested size: 256.0748pt x 58.32706pt.
<Pictures//dicionario2.png, id=998, 407.72325pt x 73.4745pt>
File: Pictures//dicionario2.png Graphic file (type png)
<use Pictures//dicionario2.png>
Package pdftex.def Info: Pictures//dicionario2.png  used on input line 287.
(pdftex.def)             Requested size: 341.43306pt x 61.52867pt.
<Pictures//resuldicionario2.png, id=999, 258.9675pt x 46.37325pt>
File: Pictures//resuldicionario2.png Graphic file (type png)
<use Pictures//resuldicionario2.png>
Package pdftex.def Info: Pictures//resuldicionario2.png  used on input line 296
.
(pdftex.def)             Requested size: 256.0748pt x 45.8601pt.

Underfull \vbox (badness 4779) has occurred while \output is active []

 [44 <./Pictures//dicionario.png> <./Pictures//resuldicionario.png> <./Pictures
//dicionario2.png>]
<Pictures//defaultdict.png, id=1019, 386.6445pt x 247.52475pt>
File: Pictures//defaultdict.png Graphic file (type png)
<use Pictures//defaultdict.png>
Package pdftex.def Info: Pictures//defaultdict.png  used on input line 332.
(pdftex.def)             Requested size: 341.43306pt x 218.58916pt.

Underfull \vbox (badness 10000) has occurred while \output is active []

 [45 <./Pictures//resuldicionario2.png>]
<Pictures//resuldefaultdict.png, id=1048, 228.855pt x 61.4295pt>
File: Pictures//resuldefaultdict.png Graphic file (type png)
<use Pictures//resuldefaultdict.png>
Package pdftex.def Info: Pictures//resuldefaultdict.png  used on input line 341
.
(pdftex.def)             Requested size: 256.0748pt x 68.73868pt.
 [46 <./Pictures//defaultdict.png> <./Pictures//resuldefaultdict.png>]
Overfull \hbox (55.30576pt too wide) in paragraph at lines 366--367
[][][][][][][][][][][][][][][][][][][][][][][][][][][][][][][][] 
 []

<Pictures//decoradores.png, id=1062, 434.8245pt x 174.6525pt>
File: Pictures//decoradores.png Graphic file (type png)
<use Pictures//decoradores.png>
Package pdftex.def Info: Pictures//decoradores.png  used on input line 377.
(pdftex.def)             Requested size: 341.43306pt x 137.14249pt.
<Pictures//resuldecoradores.png, id=1063, 314.3745pt x 49.98676pt>
File: Pictures//resuldecoradores.png Graphic file (type png)
<use Pictures//resuldecoradores.png>
Package pdftex.def Info: Pictures//resuldecoradores.png  used on input line 386
.
(pdftex.def)             Requested size: 256.0748pt x 40.72014pt.
<Pictures//metaclasse.png, id=1066, 383.63326pt x 61.4295pt>
File: Pictures//metaclasse.png Graphic file (type png)
<use Pictures//metaclasse.png>
Package pdftex.def Info: Pictures//metaclasse.png  used on input line 409.
(pdftex.def)             Requested size: 341.43306pt x 54.673pt.
[47 <./Pictures//decoradores.png> <./Pictures//resuldecoradores.png>]
<Pictures//resulmetaclasse.png, id=1094, 227.04825pt x 52.39575pt>
File: Pictures//resulmetaclasse.png Graphic file (type png)
<use Pictures//resulmetaclasse.png>
Package pdftex.def Info: Pictures//resulmetaclasse.png  used on input line 418.

(pdftex.def)             Requested size: 256.0748pt x 59.09776pt.

Overfull \hbox (0.98495pt too wide) in paragraph at lines 442--443
[][][][][][][][][][][][][][][][][][][][][][][][][][][][] 
 []


Overfull \hbox (21.35526pt too wide) in paragraph at lines 447--448
[][][][][][][][][][][][][][][][][][][][][][][][][][][][][][][][][][][][][][][] 

 []

<Pictures//herancasimples.png, id=1097, 414.348pt x 190.91325pt>
File: Pictures//herancasimples.png Graphic file (type png)
<use Pictures//herancasimples.png>
Package pdftex.def Info: Pictures//herancasimples.png  used on input line 456.
(pdftex.def)             Requested size: 341.43306pt x 157.31601pt.
[48 <./Pictures//metaclasse.png> <./Pictures//resulmetaclasse.png>]
<Pictures//resulherancasimples.png, id=1123, 228.855pt x 60.82726pt>
File: Pictures//resulherancasimples.png Graphic file (type png)
<use Pictures//resulherancasimples.png>
Package pdftex.def Info: Pictures//resulherancasimples.png  used on input line 
465.
(pdftex.def)             Requested size: 256.0748pt x 68.06479pt.
 [49 <./Pictures//herancasimples.png> <./Pictures//resulherancasimples.png>]
Overfull \hbox (7.77505pt too wide) in paragraph at lines 507--508
[][][][][][][][][][][][] 
 []


Overfull \hbox (34.93542pt too wide) in paragraph at lines 508--509
[][][][][][][][][][][][][][][][][][] 
 []


Overfull \hbox (28.14532pt too wide) in paragraph at lines 510--511
[][][][][][][][][][][][][][][][][][] 
 []

<Pictures//herancamultipla.png, id=1150, 581.17125pt x 518.53725pt>
File: Pictures//herancamultipla.png Graphic file (type png)
<use Pictures//herancamultipla.png>
Package pdftex.def Info: Pictures//herancamultipla.png  used on input line 529.

(pdftex.def)             Requested size: 341.43306pt x 304.63672pt.

Underfull \vbox (badness 10000) has occurred while \output is active []

 [50]
<Pictures//resulherancamultipla.png, id=1187, 227.6505pt x 109.00725pt>
File: Pictures//resulherancamultipla.png Graphic file (type png)
<use Pictures//resulherancamultipla.png>
Package pdftex.def Info: Pictures//resulherancamultipla.png  used on input line
 538.
(pdftex.def)             Requested size: 256.0748pt x 122.63118pt.

[51 <./Pictures//herancamultipla.png> <./Pictures//resulherancamultipla.png>]
<Pictures//funcaogeradora.png, id=1198, 396.2805pt x 137.313pt>
File: Pictures//funcaogeradora.png Graphic file (type png)
<use Pictures//funcaogeradora.png>
Package pdftex.def Info: Pictures//funcaogeradora.png  used on input line 569.
(pdftex.def)             Requested size: 341.43306pt x 118.31525pt.
<Pictures//resulfuncaogeradora.png, id=1199, 225.84375pt x 63.8385pt>
File: Pictures//resulfuncaogeradora.png Graphic file (type png)
<use Pictures//resulfuncaogeradora.png>
Package pdftex.def Info: Pictures//resulfuncaogeradora.png  used on input line 
578.
(pdftex.def)             Requested size: 256.0748pt x 72.39284pt.
)
(04aplicPy.tex [52 <./Pictures//funcaogeradora.png> <./Pictures//resulfuncaoger
adora.png>]
Cap\'{\i }tulo 4.
File: Pictures//capitulo.jpg Graphic file (type jpg)
<use Pictures//capitulo.jpg>
Package pdftex.def Info: Pictures//capitulo.jpg  used on input line 8.
(pdftex.def)             Requested size: 597.50787pt x 233.04015pt.
[53

]
<Pictures//calculadora.png, id=1236, 646.21425pt x 575.751pt>
File: Pictures//calculadora.png Graphic file (type png)
<use Pictures//calculadora.png>
Package pdftex.def Info: Pictures//calculadora.png  used on input line 99.
(pdftex.def)             Requested size: 341.43306pt x 304.20656pt.

Underfull \vbox (badness 10000) has occurred while \output is active []

 [54]
<Pictures//resulcalc.png, id=1277, 262.581pt x 193.9245pt>
File: Pictures//resulcalc.png Graphic file (type png)
<use Pictures//resulcalc.png>
Package pdftex.def Info: Pictures//resulcalc.png  used on input line 108.
(pdftex.def)             Requested size: 256.0748pt x 189.13036pt.

[55 <./Pictures//calculadora.png> <./Pictures//resulcalc.png>]
Overfull \hbox (0.98495pt too wide) in paragraph at lines 119--120
[][][][][][][][][][][][][][][][][][][][][][][][][][][][][][][] 
 []

<Pictures//raiz.png, id=1289, 615.4995pt x 106.59825pt>
File: Pictures//raiz.png Graphic file (type png)
<use Pictures//raiz.png>
Package pdftex.def Info: Pictures//raiz.png  used on input line 129.
(pdftex.def)             Requested size: 426.79134pt x 73.91884pt.
<Pictures//resulraiz.png, id=1290, 248.127pt x 115.632pt>
File: Pictures//resulraiz.png Graphic file (type png)
<use Pictures//resulraiz.png>
Package pdftex.def Info: Pictures//resulraiz.png  used on input line 138.
(pdftex.def)             Requested size: 256.0748pt x 119.33517pt.
[56 <./Pictures//raiz.png> <./Pictures//resulraiz.png>]
<Pictures//objetos.png, id=1318, 341.47575pt x 289.68225pt>
File: Pictures//objetos.png Graphic file (type png)
<use Pictures//objetos.png>
Package pdftex.def Info: Pictures//objetos.png  used on input line 174.
(pdftex.def)             Requested size: 284.52756pt x 241.37328pt.
<Pictures//resulobjetos.png, id=1319, 251.13824pt x 157.7895pt>
File: Pictures//resulobjetos.png Graphic file (type png)
<use Pictures//resulobjetos.png>
Package pdftex.def Info: Pictures//resulobjetos.png  used on input line 183.
(pdftex.def)             Requested size: 227.62204pt x 143.02045pt.
 [57 <./Pictures//objetos.png> <./Pictures//resulobjetos.png>]
<Pictures//quicksort.png, id=1339, 516.12825pt x 193.9245pt>
File: Pictures//quicksort.png Graphic file (type png)
<use Pictures//quicksort.png>
Package pdftex.def Info: Pictures//quicksort.png  used on input line 213.
(pdftex.def)             Requested size: 341.43306pt x 128.28645pt.
<Pictures//resulquicksort.png, id=1340, 248.127pt x 105.39375pt>
File: Pictures//resulquicksort.png Graphic file (type png)
<use Pictures//resulquicksort.png>
Package pdftex.def Info: Pictures//resulquicksort.png  used on input line 222.
(pdftex.def)             Requested size: 170.71652pt x 72.51268pt.

Underfull \vbox (badness 6252) has occurred while \output is active []

 [58 <./Pictures//quicksort.png> <./Pictures//resulquicksort.png>]
<Pictures//bancodedados.png, id=1365, 513.117pt x 275.8305pt>
File: Pictures//bancodedados.png Graphic file (type png)
<use Pictures//bancodedados.png>
Package pdftex.def Info: Pictures//bancodedados.png  used on input line 259.
(pdftex.def)             Requested size: 341.43306pt x 183.54703pt.
<Pictures//resulbancodedados.png, id=1366, 253.54726pt x 101.178pt>
File: Pictures//resulbancodedados.png Graphic file (type png)
<use Pictures//resulbancodedados.png>
Package pdftex.def Info: Pictures//resulbancodedados.png  used on input line 26
8.
(pdftex.def)             Requested size: 227.62204pt x 90.83702pt.
 [59 <./Pictures//bancodedados.png>]

LaTeX Warning: Citation `Marcondes2018' on page 60 undefined on input line 278.


[60 <./Pictures//resulbancodedados.png>]
<Pictures//calculonum.png, id=1434, 377.61075pt x 587.19376pt>
File: Pictures//calculonum.png Graphic file (type png)
<use Pictures//calculonum.png>
Package pdftex.def Info: Pictures//calculonum.png  used on input line 334.
(pdftex.def)             Requested size: 341.43306pt x 530.95137pt.

Underfull \vbox (badness 10000) has occurred while \output is active []

 [61]
<Pictures//resulcalcnum.png, id=1459, 252.945pt x 175.25475pt>
File: Pictures//resulcalcnum.png Graphic file (type png)
<use Pictures//resulcalcnum.png>
Package pdftex.def Info: Pictures//resulcalcnum.png  used on input line 343.
(pdftex.def)             Requested size: 256.0748pt x 177.42572pt.
)
(05ferramentasPy.tex
Underfull \vbox (badness 10000) has occurred while \output is active []

 [62 <./Pictures//calculonum.png>] [63 <./Pictures//resulcalcnum.png>] [64

]
Cap\'{\i }tulo 5.
File: Pictures//capitulo.jpg Graphic file (type jpg)
<use Pictures//capitulo.jpg>
Package pdftex.def Info: Pictures//capitulo.jpg  used on input line 8.
(pdftex.def)             Requested size: 597.50787pt x 233.04015pt.
<Pictures//ambientepycharm.png, id=1474, 1156.32pt x 650.43pt>
File: Pictures//ambientepycharm.png Graphic file (type png)
<use Pictures//ambientepycharm.png>
Package pdftex.def Info: Pictures//ambientepycharm.png  used on input line 21.
(pdftex.def)             Requested size: 341.43306pt x 192.05383pt.
[65 <./Pictures//ambientepycharm.png>]
Underfull \hbox (badness 10000) in paragraph at lines 29--30

 []

<Pictures//listas1pycharm.png, id=1485, 393.26926pt x 218.0145pt>
File: Pictures//listas1pycharm.png Graphic file (type png)
<use Pictures//listas1pycharm.png>
Package pdftex.def Info: Pictures//listas1pycharm.png  used on input line 36.
(pdftex.def)             Requested size: 341.43306pt x 189.28517pt.
<Pictures//resullistas1pycharm.png, id=1486, 215.6055pt x 85.5195pt>
File: Pictures//resullistas1pycharm.png Graphic file (type png)
<use Pictures//resullistas1pycharm.png>
Package pdftex.def Info: Pictures//resullistas1pycharm.png  used on input line 
45.
(pdftex.def)             Requested size: 256.0748pt x 101.57631pt.
[66 <./Pictures//listas1pycharm.png> <./Pictures//resullistas1pycharm.png>]
<Pictures//ambientevs.png, id=1495, 1156.32pt x 650.43pt>
File: Pictures//ambientevs.png Graphic file (type png)
<use Pictures//ambientevs.png>
Package pdftex.def Info: Pictures//ambientevs.png  used on input line 59.
(pdftex.def)             Requested size: 341.43306pt x 192.05383pt.

Underfull \hbox (badness 10000) in paragraph at lines 67--68

 []

File: Pictures//listas1.png Graphic file (type png)
<use Pictures//listas1.png>
Package pdftex.def Info: Pictures//listas1.png  used on input line 74.
(pdftex.def)             Requested size: 341.43306pt x 159.52832pt.
File: Pictures//resullistas1.png Graphic file (type png)
<use Pictures//resullistas1.png>
Package pdftex.def Info: Pictures//resullistas1.png  used on input line 83.
(pdftex.def)             Requested size: 256.0748pt x 67.4939pt.
) [67 <./Pictures//ambientevs.png>] (06conclusao.tex [68]
Cap\'{\i }tulo 6.
<Pictures//Conclusao.jpg, id=1513, 289.08pt x 112.7412pt>
File: Pictures//Conclusao.jpg Graphic file (type jpg)
<use Pictures//Conclusao.jpg>
Package pdftex.def Info: Pictures//Conclusao.jpg  used on input line 8.
(pdftex.def)             Requested size: 597.50787pt x 233.04076pt.
) (Mariana Cossetti Dalfior-Python.bbl (Mariana Cossetti Dalfior-Python.brf)
\tf@brf=\write6
\openout6 = `"Mariana Cossetti Dalfior-Python.brf"'.


[69

 <./Pictures//Conclusao.jpg>] [70

]
<Pictures//Bibliografia.png, id=1522, 903.375pt x 351.56343pt>
File: Pictures//Bibliografia.png Graphic file (type png)
<use Pictures//Bibliografia.png>
Package pdftex.def Info: Pictures//Bibliografia.png  used on input line 1.
(pdftex.def)             Requested size: 597.50787pt x 232.54219pt.
 [71 <./Pictures//Bibliografia.png>])
[72]
No file "Mariana Cossetti Dalfior-Python".ind.
(Mariana Cossetti Dalfior-Python.aux)

LaTeX Warning: There were undefined references.

Package rerunfilecheck Info: File `"Mariana Cossetti Dalfior-Python".brf' has n
ot changed.
(rerunfilecheck)             Checksum: 3FC0FD14E42863339B533C868DBED95C;928.
 ) 
Here is how much of TeX's memory you used:
 35733 strings out of 476301
 696760 string characters out of 5786418
 1898340 words of memory out of 5000000
 54247 multiletter control sequences out of 15000+600000
 612686 words of font info for 366 fonts, out of 8000000 for 9000
 1141 hyphenation exceptions out of 8191
 89i,13n,92p,1553b,2059s stack positions out of 10000i,1000n,20000p,200000b,200000s

pdfTeX warning (dest): name{section*.14} has been referenced but does not exist
, replaced by a fixed one

{C:/Users/maria/AppData/Local/Programs/MiKTeX/fonts/enc/dvips/base/8r.enc}{C:/U
sers/maria/AppData/Local/Programs/MiKTeX/fonts/enc/dvips/cm-super/cm-super-t1.e
nc}<C:/Users/maria/AppData/Local/Programs/MiKTeX/fonts/type1/public/amsfonts/cm
/cmsy10.pfb><C:/Users/maria/AppData/Local/Programs/MiKTeX/fonts/type1/public/cm
-super/sftt1095.pfb><C:/Users/maria/AppData/Local/Programs/MiKTeX/fonts/type1/p
ublic/urw-base35/uagd8a.pfb><C:/Users/maria/AppData/Local/Programs/MiKTeX/fonts
/type1/public/urw-base35/uagdo8a.pfb><C:/Users/maria/AppData/Local/Programs/MiK
TeX/fonts/type1/public/urw-base35/uagk8a.pfb><C:/Users/maria/AppData/Local/Prog
rams/MiKTeX/fonts/type1/public/urw-base35/uagko8a.pfb><C:/Users/maria/AppData/L
ocal/Programs/MiKTeX/fonts/type1/public/urw-base35/utmb8a.pfb><C:/Users/maria/A
ppData/Local/Programs/MiKTeX/fonts/type1/public/urw-base35/utmr8a.pfb><C:/Users
/maria/AppData/Local/Programs/MiKTeX/fonts/type1/public/urw-base35/utmr8a.pfb><
C:/Users/maria/AppData/Local/Programs/MiKTeX/fonts/type1/public/urw-base35/utmr
i8a.pfb>
Output written on "Mariana Cossetti Dalfior-Python.pdf" (72 pages, 3349874 byte
s).
PDF statistics:
 1932 PDF objects out of 2073 (max. 8388607)
 900 named destinations out of 1000 (max. 500000)
 110963 words of extra memory for PDF output out of 128383 (max. 10000000)

